mode: set
storyblok-sync/internal/config/config.go:18.27,20.16 2 0
storyblok-sync/internal/config/config.go:20.16,22.3 1 0
storyblok-sync/internal/config/config.go:23.2,23.37 1 0
storyblok-sync/internal/config/config.go:26.40,28.45 2 1
storyblok-sync/internal/config/config.go:28.45,30.3 1 1
storyblok-sync/internal/config/config.go:31.2,32.16 2 1
storyblok-sync/internal/config/config.go:32.16,33.22 1 1
storyblok-sync/internal/config/config.go:33.22,35.4 1 1
storyblok-sync/internal/config/config.go:36.3,36.18 1 0
storyblok-sync/internal/config/config.go:38.2,41.15 3 1
storyblok-sync/internal/config/config.go:41.15,43.49 2 1
storyblok-sync/internal/config/config.go:43.49,44.12 1 0
storyblok-sync/internal/config/config.go:46.3,47.10 2 1
storyblok-sync/internal/config/config.go:47.10,48.12 1 0
storyblok-sync/internal/config/config.go:50.3,52.12 3 1
storyblok-sync/internal/config/config.go:53.19,54.23 1 1
storyblok-sync/internal/config/config.go:54.23,56.5 1 1
storyblok-sync/internal/config/config.go:57.26,58.23 1 1
storyblok-sync/internal/config/config.go:59.26,60.23 1 1
storyblok-sync/internal/config/config.go:63.2,63.17 1 1
storyblok-sync/internal/config/config.go:66.42,67.40 1 1
storyblok-sync/internal/config/config.go:67.40,69.3 1 1
storyblok-sync/internal/config/config.go:70.2,74.27 3 1
storyblok-sync/internal/config/config.go:74.27,76.3 1 1
storyblok-sync/internal/config/config.go:77.2,77.27 1 1
storyblok-sync/internal/config/config.go:77.27,79.3 1 1
storyblok-sync/internal/config/config.go:80.2,80.76 1 1
storyblok-sync/internal/sb/client.go:24.32,29.2 1 1
storyblok-sync/internal/sb/client.go:42.67,43.19 1 1
storyblok-sync/internal/sb/client.go:43.19,45.3 1 1
storyblok-sync/internal/sb/client.go:46.2,47.16 2 1
storyblok-sync/internal/sb/client.go:47.16,49.3 1 0
storyblok-sync/internal/sb/client.go:50.2,56.16 6 1
storyblok-sync/internal/sb/client.go:56.16,58.3 1 0
storyblok-sync/internal/sb/client.go:59.2,60.27 2 1
storyblok-sync/internal/sb/client.go:60.27,62.3 1 0
storyblok-sync/internal/sb/client.go:63.2,64.67 2 1
storyblok-sync/internal/sb/client.go:64.67,66.3 1 0
storyblok-sync/internal/sb/client.go:67.2,67.28 1 1
storyblok-sync/internal/sb/client.go:113.89,114.19 1 1
storyblok-sync/internal/sb/client.go:114.19,116.3 1 0
storyblok-sync/internal/sb/client.go:117.2,117.22 1 1
storyblok-sync/internal/sb/client.go:117.22,119.3 1 0
storyblok-sync/internal/sb/client.go:120.2,121.15 2 1
storyblok-sync/internal/sb/client.go:121.15,123.3 1 1
storyblok-sync/internal/sb/client.go:125.2,126.6 2 1
storyblok-sync/internal/sb/client.go:126.6,134.17 7 1
storyblok-sync/internal/sb/client.go:134.17,136.4 1 0
storyblok-sync/internal/sb/client.go:137.3,141.17 4 1
storyblok-sync/internal/sb/client.go:141.17,143.4 1 0
storyblok-sync/internal/sb/client.go:144.3,146.28 2 1
storyblok-sync/internal/sb/client.go:146.28,148.4 1 0
storyblok-sync/internal/sb/client.go:150.3,151.68 2 1
storyblok-sync/internal/sb/client.go:151.68,153.4 1 0
storyblok-sync/internal/sb/client.go:155.3,158.41 2 1
storyblok-sync/internal/sb/client.go:158.41,159.9 1 1
storyblok-sync/internal/sb/client.go:161.3,161.9 1 1
storyblok-sync/internal/sb/client.go:163.2,163.17 1 1
storyblok-sync/internal/sb/client.go:172.85,175.2 1 0
storyblok-sync/internal/sb/client.go:178.89,179.19 1 0
storyblok-sync/internal/sb/client.go:179.19,181.3 1 0
storyblok-sync/internal/sb/client.go:182.2,185.16 4 0
storyblok-sync/internal/sb/client.go:185.16,187.3 1 0
storyblok-sync/internal/sb/client.go:188.2,189.16 2 0
storyblok-sync/internal/sb/client.go:189.16,191.3 1 0
storyblok-sync/internal/sb/client.go:192.2,195.16 4 0
storyblok-sync/internal/sb/client.go:195.16,197.3 1 0
storyblok-sync/internal/sb/client.go:198.2,199.52 2 0
storyblok-sync/internal/sb/client.go:199.52,201.3 1 0
storyblok-sync/internal/sb/client.go:202.2,203.64 2 0
storyblok-sync/internal/sb/client.go:203.64,205.3 1 0
storyblok-sync/internal/sb/client.go:206.2,206.24 1 0
storyblok-sync/internal/sb/client.go:210.103,211.19 1 1
storyblok-sync/internal/sb/client.go:211.19,213.3 1 0
storyblok-sync/internal/sb/client.go:214.2,214.16 1 1
storyblok-sync/internal/sb/client.go:214.16,216.3 1 0
storyblok-sync/internal/sb/client.go:217.2,222.29 3 1
storyblok-sync/internal/sb/client.go:222.29,224.3 1 1
storyblok-sync/internal/sb/client.go:225.2,226.16 2 1
storyblok-sync/internal/sb/client.go:226.16,228.3 1 0
storyblok-sync/internal/sb/client.go:229.2,230.16 2 1
storyblok-sync/internal/sb/client.go:230.16,232.3 1 0
storyblok-sync/internal/sb/client.go:233.2,236.16 4 1
storyblok-sync/internal/sb/client.go:236.16,238.3 1 0
storyblok-sync/internal/sb/client.go:239.2,240.52 2 1
storyblok-sync/internal/sb/client.go:240.52,242.17 2 0
storyblok-sync/internal/sb/client.go:242.17,244.4 1 0
storyblok-sync/internal/sb/client.go:245.3,248.82 2 0
storyblok-sync/internal/sb/client.go:248.82,250.4 1 0
storyblok-sync/internal/sb/client.go:251.3,251.109 1 0
storyblok-sync/internal/sb/client.go:253.2,254.64 2 1
storyblok-sync/internal/sb/client.go:254.64,256.3 1 0
storyblok-sync/internal/sb/client.go:257.2,257.24 1 1
storyblok-sync/internal/sb/client.go:261.114,262.19 1 1
storyblok-sync/internal/sb/client.go:262.19,264.3 1 0
storyblok-sync/internal/sb/client.go:265.2,270.29 3 1
storyblok-sync/internal/sb/client.go:270.29,272.3 1 1
storyblok-sync/internal/sb/client.go:275.2,277.23 3 1
storyblok-sync/internal/sb/client.go:277.23,279.29 2 0
storyblok-sync/internal/sb/client.go:279.29,281.4 1 0
storyblok-sync/internal/sb/client.go:282.3,282.53 1 0
storyblok-sync/internal/sb/client.go:284.2,288.16 4 1
storyblok-sync/internal/sb/client.go:288.16,290.3 1 0
storyblok-sync/internal/sb/client.go:293.2,294.22 2 1
storyblok-sync/internal/sb/client.go:294.22,296.3 1 1
storyblok-sync/internal/sb/client.go:296.8,298.3 1 0
storyblok-sync/internal/sb/client.go:301.2,309.16 9 1
storyblok-sync/internal/sb/client.go:309.16,311.3 1 0
storyblok-sync/internal/sb/client.go:312.2,315.16 4 1
storyblok-sync/internal/sb/client.go:315.16,317.3 1 0
storyblok-sync/internal/sb/client.go:318.2,319.52 2 1
storyblok-sync/internal/sb/client.go:319.52,321.17 2 0
storyblok-sync/internal/sb/client.go:321.17,323.4 1 0
storyblok-sync/internal/sb/client.go:325.3,325.28 1 0
storyblok-sync/internal/sb/client.go:325.28,327.4 1 0
storyblok-sync/internal/sb/client.go:328.3,331.82 2 0
storyblok-sync/internal/sb/client.go:331.82,333.4 1 0
storyblok-sync/internal/sb/client.go:334.3,334.109 1 0
storyblok-sync/internal/sb/client.go:336.2,337.64 2 1
storyblok-sync/internal/sb/client.go:337.64,339.3 1 0
storyblok-sync/internal/sb/client.go:340.2,340.24 1 1
storyblok-sync/internal/sb/client.go:344.99,345.19 1 0
storyblok-sync/internal/sb/client.go:345.19,347.3 1 0
storyblok-sync/internal/sb/client.go:348.2,354.16 6 0
storyblok-sync/internal/sb/client.go:354.16,356.3 1 0
storyblok-sync/internal/sb/client.go:357.2,361.16 4 0
storyblok-sync/internal/sb/client.go:361.16,363.3 1 0
storyblok-sync/internal/sb/client.go:364.2,366.27 2 0
storyblok-sync/internal/sb/client.go:366.27,368.3 1 0
storyblok-sync/internal/sb/client.go:370.2,371.67 2 0
storyblok-sync/internal/sb/client.go:371.67,373.3 1 0
storyblok-sync/internal/sb/client.go:374.2,374.29 1 0
storyblok-sync/internal/sb/client.go:378.96,379.19 1 0
storyblok-sync/internal/sb/client.go:379.19,381.3 1 0
storyblok-sync/internal/sb/client.go:382.2,385.16 4 0
storyblok-sync/internal/sb/client.go:385.16,387.3 1 0
storyblok-sync/internal/sb/client.go:388.2,389.16 2 0
storyblok-sync/internal/sb/client.go:389.16,391.3 1 0
storyblok-sync/internal/sb/client.go:392.2,395.16 4 0
storyblok-sync/internal/sb/client.go:395.16,397.3 1 0
storyblok-sync/internal/sb/client.go:398.2,399.52 2 0
storyblok-sync/internal/sb/client.go:399.52,401.3 1 0
storyblok-sync/internal/sb/client.go:402.2,402.12 1 0
storyblok-sync/internal/sb/client.go:406.96,407.19 1 0
storyblok-sync/internal/sb/client.go:407.19,409.3 1 0
storyblok-sync/internal/sb/client.go:413.2,416.16 3 0
storyblok-sync/internal/sb/client.go:416.16,418.3 1 0
storyblok-sync/internal/sb/client.go:419.2,422.16 4 0
storyblok-sync/internal/sb/client.go:422.16,424.3 1 0
storyblok-sync/internal/sb/client.go:425.2,426.27 2 0
storyblok-sync/internal/sb/client.go:426.27,428.3 1 0
storyblok-sync/internal/sb/client.go:429.2,430.67 2 0
storyblok-sync/internal/sb/client.go:430.67,432.3 1 0
storyblok-sync/internal/sb/client.go:435.2,437.26 3 0
storyblok-sync/internal/sb/client.go:437.26,439.32 2 0
storyblok-sync/internal/sb/client.go:439.32,441.4 1 0
storyblok-sync/internal/sb/client.go:442.3,442.61 1 0
storyblok-sync/internal/sb/client.go:443.8,445.3 1 0
storyblok-sync/internal/sb/client.go:447.2,447.19 1 0
storyblok-sync/internal/sb/client.go:451.112,453.19 2 0
storyblok-sync/internal/sb/client.go:453.19,456.3 1 0
storyblok-sync/internal/sb/client.go:456.8,459.3 1 0
storyblok-sync/internal/sb/client.go:461.2,462.16 2 0
storyblok-sync/internal/sb/client.go:462.16,464.3 1 0
storyblok-sync/internal/sb/client.go:465.2,468.16 4 0
storyblok-sync/internal/sb/client.go:468.16,470.3 1 0
storyblok-sync/internal/sb/client.go:471.2,472.27 2 0
storyblok-sync/internal/sb/client.go:472.27,474.3 1 0
storyblok-sync/internal/sb/client.go:475.2,476.67 2 0
storyblok-sync/internal/sb/client.go:476.67,478.3 1 0
storyblok-sync/internal/sb/client.go:479.2,479.27 1 0
storyblok-sync/internal/ui/browse_filtering.go:8.31,14.37 4 1
storyblok-sync/internal/ui/browse_filtering.go:14.37,16.17 2 1
storyblok-sync/internal/ui/browse_filtering.go:16.17,18.4 1 0
storyblok-sync/internal/ui/browse_filtering.go:19.3,19.72 1 1
storyblok-sync/internal/ui/browse_filtering.go:23.2,26.13 2 1
storyblok-sync/internal/ui/browse_filtering.go:26.13,31.3 4 1
storyblok-sync/internal/ui/browse_filtering.go:34.2,35.18 2 1
storyblok-sync/internal/ui/browse_filtering.go:35.18,40.3 4 0
storyblok-sync/internal/ui/browse_filtering.go:43.2,45.20 3 1
storyblok-sync/internal/ui/browse_filtering.go:49.34,51.17 2 1
storyblok-sync/internal/ui/browse_filtering.go:51.17,53.34 2 0
storyblok-sync/internal/ui/browse_filtering.go:53.34,55.4 1 0
storyblok-sync/internal/ui/browse_filtering.go:58.2,59.27 2 1
storyblok-sync/internal/ui/browse_filtering.go:59.27,61.3 1 1
storyblok-sync/internal/ui/browse_filtering.go:64.2,65.40 2 1
storyblok-sync/internal/ui/browse_filtering.go:65.40,66.28 1 1
storyblok-sync/internal/ui/browse_filtering.go:66.28,69.4 2 1
storyblok-sync/internal/ui/browse_filtering.go:73.2,74.34 2 1
storyblok-sync/internal/ui/browse_filtering.go:74.34,75.34 1 1
storyblok-sync/internal/ui/browse_filtering.go:75.34,77.4 1 0
storyblok-sync/internal/ui/browse_filtering.go:79.3,84.20 3 1
storyblok-sync/internal/ui/browse_filtering.go:84.20,86.4 1 1
storyblok-sync/internal/ui/browse_filtering.go:89.3,89.53 1 1
storyblok-sync/internal/ui/browse_filtering.go:89.53,90.48 1 1
storyblok-sync/internal/ui/browse_filtering.go:90.48,92.5 1 1
storyblok-sync/internal/ui/browse_filtering.go:95.3,95.23 1 1
storyblok-sync/internal/ui/browse_filtering.go:99.2,102.40 2 1
storyblok-sync/internal/ui/browse_filtering.go:102.40,103.28 1 1
storyblok-sync/internal/ui/browse_filtering.go:103.28,105.4 1 1
storyblok-sync/internal/ui/browse_input.go:10.73,13.13 2 0
storyblok-sync/internal/ui/browse_input.go:14.13,16.60 2 0
storyblok-sync/internal/ui/browse_input.go:16.60,18.4 1 0
storyblok-sync/internal/ui/browse_input.go:19.3,22.16 4 0
storyblok-sync/internal/ui/browse_input.go:23.15,29.16 6 0
storyblok-sync/internal/ui/browse_input.go:30.21,31.21 1 0
storyblok-sync/internal/ui/browse_input.go:32.10,35.16 3 0
storyblok-sync/internal/ui/browse_input.go:40.67,43.13 2 1
storyblok-sync/internal/ui/browse_input.go:44.13,47.20 2 0
storyblok-sync/internal/ui/browse_input.go:47.20,52.4 4 0
storyblok-sync/internal/ui/browse_input.go:52.9,57.4 4 0
storyblok-sync/internal/ui/browse_input.go:58.3,59.16 2 0
storyblok-sync/internal/ui/browse_input.go:60.15,66.16 6 0
storyblok-sync/internal/ui/browse_input.go:67.21,68.21 1 0
storyblok-sync/internal/ui/browse_input.go:69.10,75.33 4 1
storyblok-sync/internal/ui/browse_input.go:75.33,77.46 1 1
storyblok-sync/internal/ui/browse_input.go:77.46,79.5 1 1
storyblok-sync/internal/ui/browse_input.go:80.4,80.46 1 1
storyblok-sync/internal/ui/browse_input.go:80.46,82.5 1 0
storyblok-sync/internal/ui/browse_input.go:83.4,85.28 3 1
storyblok-sync/internal/ui/browse_input.go:87.3,87.16 1 1
storyblok-sync/internal/ui/browse_input.go:92.81,93.13 1 1
storyblok-sync/internal/ui/browse_input.go:94.11,96.26 1 0
storyblok-sync/internal/ui/browse_input.go:96.26,100.4 3 0
storyblok-sync/internal/ui/browse_input.go:100.9,104.4 3 0
storyblok-sync/internal/ui/browse_input.go:105.11,112.16 6 1
storyblok-sync/internal/ui/browse_input.go:114.16,116.26 1 0
storyblok-sync/internal/ui/browse_input.go:116.26,120.4 3 0
storyblok-sync/internal/ui/browse_input.go:120.9,124.4 3 0
storyblok-sync/internal/ui/browse_input.go:126.11,136.16 9 0
storyblok-sync/internal/ui/browse_input.go:139.2,139.15 1 1
storyblok-sync/internal/ui/browse_navigation.go:6.72,7.13 1 1
storyblok-sync/internal/ui/browse_navigation.go:8.11,10.24 1 1
storyblok-sync/internal/ui/browse_navigation.go:10.24,12.4 1 0
storyblok-sync/internal/ui/browse_navigation.go:13.3,14.18 2 1
storyblok-sync/internal/ui/browse_navigation.go:14.18,18.4 3 1
storyblok-sync/internal/ui/browse_navigation.go:19.11,21.24 1 1
storyblok-sync/internal/ui/browse_navigation.go:21.24,23.4 1 0
storyblok-sync/internal/ui/browse_navigation.go:24.3,25.18 2 1
storyblok-sync/internal/ui/browse_navigation.go:25.18,29.4 3 0
storyblok-sync/internal/ui/browse_navigation.go:29.9,29.32 1 1
storyblok-sync/internal/ui/browse_navigation.go:29.32,33.48 4 1
storyblok-sync/internal/ui/browse_navigation.go:33.48,36.5 2 1
storyblok-sync/internal/ui/browse_navigation.go:37.4,37.28 1 1
storyblok-sync/internal/ui/browse_navigation.go:39.11,42.27 2 0
storyblok-sync/internal/ui/browse_navigation.go:43.11,46.27 2 0
storyblok-sync/internal/ui/browse_navigation.go:48.2,48.15 1 1
storyblok-sync/internal/ui/browse_navigation.go:52.72,53.13 1 0
storyblok-sync/internal/ui/browse_navigation.go:54.19,56.45 1 0
storyblok-sync/internal/ui/browse_navigation.go:56.45,60.4 3 0
storyblok-sync/internal/ui/browse_navigation.go:61.17,63.32 1 0
storyblok-sync/internal/ui/browse_navigation.go:63.32,67.4 3 0
storyblok-sync/internal/ui/browse_navigation.go:68.26,70.23 1 0
storyblok-sync/internal/ui/browse_navigation.go:70.23,72.17 2 0
storyblok-sync/internal/ui/browse_navigation.go:72.17,74.5 1 0
storyblok-sync/internal/ui/browse_navigation.go:75.4,76.46 2 0
storyblok-sync/internal/ui/browse_navigation.go:76.46,78.5 1 0
storyblok-sync/internal/ui/browse_navigation.go:79.4,80.28 2 0
storyblok-sync/internal/ui/browse_navigation.go:82.24,85.16 2 0
storyblok-sync/internal/ui/browse_navigation.go:85.16,87.4 1 0
storyblok-sync/internal/ui/browse_navigation.go:88.3,89.32 2 0
storyblok-sync/internal/ui/browse_navigation.go:89.32,91.4 1 0
storyblok-sync/internal/ui/browse_navigation.go:92.3,93.27 2 0
storyblok-sync/internal/ui/browse_navigation.go:95.2,95.15 1 0
storyblok-sync/internal/ui/browse_navigation.go:99.65,100.13 1 0
storyblok-sync/internal/ui/browse_navigation.go:101.11,104.31 2 0
storyblok-sync/internal/ui/browse_navigation.go:105.11,107.37 1 0
storyblok-sync/internal/ui/browse_navigation.go:107.37,110.4 2 0
storyblok-sync/internal/ui/browse_navigation.go:111.3,112.16 2 0
storyblok-sync/internal/ui/browse_navigation.go:114.2,114.15 1 0
storyblok-sync/internal/ui/browse_selection.go:9.57,10.23 1 1
storyblok-sync/internal/ui/browse_selection.go:10.23,12.3 1 0
storyblok-sync/internal/ui/browse_selection.go:14.2,15.33 2 1
storyblok-sync/internal/ui/browse_selection.go:15.33,17.3 1 0
storyblok-sync/internal/ui/browse_selection.go:19.2,19.17 1 1
storyblok-sync/internal/ui/browse_selection.go:19.17,21.3 1 1
storyblok-sync/internal/ui/browse_selection.go:21.8,23.3 1 1
storyblok-sync/internal/ui/browse_selection.go:26.2,26.44 1 1
storyblok-sync/internal/ui/browse_selection.go:26.44,29.3 2 1
storyblok-sync/internal/ui/browse_selection.go:30.2,32.15 2 1
storyblok-sync/internal/ui/browse_selection.go:36.51,42.40 3 1
storyblok-sync/internal/ui/browse_selection.go:42.40,46.40 1 1
storyblok-sync/internal/ui/browse_selection.go:46.40,48.4 1 1
storyblok-sync/internal/ui/browse_tree.go:6.38,7.36 1 1
storyblok-sync/internal/ui/browse_tree.go:7.36,9.3 1 1
storyblok-sync/internal/ui/browse_tree.go:10.2,10.20 1 1
storyblok-sync/internal/ui/browse_tree.go:14.36,15.36 1 1
storyblok-sync/internal/ui/browse_tree.go:15.36,17.3 1 1
storyblok-sync/internal/ui/browse_tree.go:18.2,18.20 1 1
storyblok-sync/internal/ui/browse_tree.go:22.46,23.35 1 1
storyblok-sync/internal/ui/browse_tree.go:23.35,24.34 1 1
storyblok-sync/internal/ui/browse_tree.go:24.34,25.16 1 1
storyblok-sync/internal/ui/browse_tree.go:25.16,27.5 1 1
storyblok-sync/internal/ui/browse_tree.go:30.2,30.11 1 0
storyblok-sync/internal/ui/browse_tree.go:34.32,36.2 1 1
storyblok-sync/internal/ui/browse_tree.go:39.45,40.47 1 1
storyblok-sync/internal/ui/browse_tree.go:40.47,42.3 1 0
storyblok-sync/internal/ui/browse_tree.go:43.2,44.56 2 1
storyblok-sync/internal/ui/browse_tree.go:44.56,46.3 1 0
storyblok-sync/internal/ui/browse_tree.go:47.2,47.35 1 1
storyblok-sync/internal/ui/browse_viewport.go:12.39,14.12 2 1
storyblok-sync/internal/ui/browse_viewport.go:14.12,17.3 2 0
storyblok-sync/internal/ui/browse_viewport.go:18.2,18.31 1 1
storyblok-sync/internal/ui/browse_viewport.go:18.31,20.3 1 0
storyblok-sync/internal/ui/browse_viewport.go:21.2,21.33 1 1
storyblok-sync/internal/ui/browse_viewport.go:21.33,23.3 1 0
storyblok-sync/internal/ui/browse_viewport.go:26.2,34.27 5 1
storyblok-sync/internal/ui/browse_viewport.go:34.27,36.3 1 0
storyblok-sync/internal/ui/browse_viewport.go:38.2,38.39 1 1
storyblok-sync/internal/ui/browse_viewport.go:38.39,41.21 2 1
storyblok-sync/internal/ui/browse_viewport.go:41.21,43.4 1 1
storyblok-sync/internal/ui/browse_viewport.go:44.3,44.36 1 1
storyblok-sync/internal/ui/browse_viewport.go:45.8,45.49 1 0
storyblok-sync/internal/ui/browse_viewport.go:45.49,48.21 2 0
storyblok-sync/internal/ui/browse_viewport.go:48.21,50.4 1 0
storyblok-sync/internal/ui/browse_viewport.go:51.3,51.36 1 0
storyblok-sync/internal/ui/browse_viewport.go:56.43,58.45 2 1
storyblok-sync/internal/ui/browse_viewport.go:58.45,60.3 1 0
storyblok-sync/internal/ui/browse_viewport.go:63.2,64.29 2 1
storyblok-sync/internal/ui/browse_viewport.go:64.29,66.3 1 1
storyblok-sync/internal/ui/browse_viewport.go:69.2,74.23 4 1
storyblok-sync/internal/ui/browse_viewport.go:74.23,76.3 1 1
storyblok-sync/internal/ui/browse_viewport.go:79.2,80.32 2 1
storyblok-sync/internal/ui/browse_viewport.go:80.32,82.3 1 0
storyblok-sync/internal/ui/browse_viewport.go:84.2,84.33 1 1
storyblok-sync/internal/ui/browse_viewport.go:84.33,85.26 1 1
storyblok-sync/internal/ui/browse_viewport.go:85.26,86.9 1 0
storyblok-sync/internal/ui/browse_viewport.go:90.3,94.29 3 1
storyblok-sync/internal/ui/browse_viewport.go:97.2,97.19 1 1
storyblok-sync/internal/ui/browse_viewport.go:101.64,102.23 1 1
storyblok-sync/internal/ui/browse_viewport.go:102.23,104.3 1 0
storyblok-sync/internal/ui/browse_viewport.go:107.2,111.29 3 1
storyblok-sync/internal/ui/browse_viewport.go:111.29,114.3 2 1
storyblok-sync/internal/ui/browse_viewport.go:117.2,117.29 1 1
storyblok-sync/internal/ui/browse_viewport.go:117.29,119.25 2 1
storyblok-sync/internal/ui/browse_viewport.go:119.25,120.45 1 0
storyblok-sync/internal/ui/browse_viewport.go:120.45,122.13 2 0
storyblok-sync/internal/ui/browse_viewport.go:125.3,125.17 1 1
storyblok-sync/internal/ui/browse_viewport.go:129.2,130.49 2 1
storyblok-sync/internal/ui/browse_viewport.go:130.49,132.3 1 0
storyblok-sync/internal/ui/browse_viewport.go:134.2,134.14 1 1
storyblok-sync/internal/ui/browse_viewport.go:139.61,143.25 1 1
storyblok-sync/internal/ui/browse_viewport.go:143.25,145.3 1 0
storyblok-sync/internal/ui/browse_viewport.go:146.2,147.14 2 1
storyblok-sync/internal/ui/filter.go:19.62,21.18 2 1
storyblok-sync/internal/ui/filter.go:21.18,22.30 1 0
storyblok-sync/internal/ui/filter.go:22.30,23.63 1 0
storyblok-sync/internal/ui/filter.go:23.63,25.5 1 0
storyblok-sync/internal/ui/filter.go:27.8,28.26 1 1
storyblok-sync/internal/ui/filter.go:28.26,30.4 1 1
storyblok-sync/internal/ui/filter.go:32.2,32.12 1 1
storyblok-sync/internal/ui/filter.go:37.84,39.24 2 1
storyblok-sync/internal/ui/filter.go:39.24,40.35 1 1
storyblok-sync/internal/ui/filter.go:40.35,42.34 2 0
storyblok-sync/internal/ui/filter.go:42.34,43.10 1 0
storyblok-sync/internal/ui/filter.go:47.2,47.12 1 1
storyblok-sync/internal/ui/filter.go:52.80,55.24 3 1
storyblok-sync/internal/ui/filter.go:55.24,58.3 2 1
storyblok-sync/internal/ui/filter.go:59.2,62.29 3 1
storyblok-sync/internal/ui/filter.go:62.29,63.45 1 0
storyblok-sync/internal/ui/filter.go:63.45,64.12 1 0
storyblok-sync/internal/ui/filter.go:66.3,66.38 1 0
storyblok-sync/internal/ui/filter.go:66.38,67.12 1 0
storyblok-sync/internal/ui/filter.go:69.3,70.36 2 0
storyblok-sync/internal/ui/filter.go:70.36,71.9 1 0
storyblok-sync/internal/ui/filter.go:74.2,74.22 1 1
storyblok-sync/internal/ui/filter.go:74.22,75.59 1 1
storyblok-sync/internal/ui/filter.go:75.59,77.4 1 0
storyblok-sync/internal/ui/filter.go:79.2,79.15 1 1
storyblok-sync/internal/ui/filter.go:83.53,84.17 1 0
storyblok-sync/internal/ui/filter.go:84.17,86.3 1 0
storyblok-sync/internal/ui/filter.go:87.2,87.57 1 0
storyblok-sync/internal/ui/filter.go:91.37,92.32 1 0
storyblok-sync/internal/ui/filter.go:92.32,94.3 1 0
storyblok-sync/internal/ui/filter.go:95.2,95.72 1 0
storyblok-sync/internal/ui/filter.go:98.24,99.11 1 1
storyblok-sync/internal/ui/filter.go:99.11,101.3 1 0
storyblok-sync/internal/ui/filter.go:102.2,102.10 1 1
storyblok-sync/internal/ui/handlers_browse_main.go:9.69,13.24 2 1
storyblok-sync/internal/ui/handlers_browse_main.go:13.24,15.3 1 0
storyblok-sync/internal/ui/handlers_browse_main.go:17.2,17.24 1 1
storyblok-sync/internal/ui/handlers_browse_main.go:17.24,19.3 1 1
storyblok-sync/internal/ui/handlers_browse_main.go:22.2,22.143 1 1
storyblok-sync/internal/ui/handlers_browse_main.go:22.143,24.3 1 1
storyblok-sync/internal/ui/handlers_browse_main.go:27.2,27.13 1 1
storyblok-sync/internal/ui/handlers_browse_main.go:28.21,29.21 1 0
storyblok-sync/internal/ui/handlers_browse_main.go:32.26,33.43 1 1
storyblok-sync/internal/ui/handlers_browse_main.go:36.68,37.43 1 0
storyblok-sync/internal/ui/handlers_browse_main.go:40.11,41.35 1 1
storyblok-sync/internal/ui/handlers_browse_main.go:44.16,45.36 1 0
storyblok-sync/internal/ui/handlers_browse_main.go:48.2,48.15 1 0
storyblok-sync/internal/ui/handlers_preflight.go:13.68,14.15 1 1
storyblok-sync/internal/ui/handlers_preflight.go:14.15,16.3 1 0
storyblok-sync/internal/ui/handlers_preflight.go:17.2,18.13 2 1
storyblok-sync/internal/ui/handlers_preflight.go:19.19,20.55 1 0
storyblok-sync/internal/ui/handlers_preflight.go:20.55,24.4 3 0
storyblok-sync/internal/ui/handlers_preflight.go:25.17,26.32 1 0
storyblok-sync/internal/ui/handlers_preflight.go:26.32,30.4 3 0
storyblok-sync/internal/ui/handlers_preflight.go:31.26,33.16 2 0
storyblok-sync/internal/ui/handlers_preflight.go:33.16,35.4 1 0
storyblok-sync/internal/ui/handlers_preflight.go:36.3,36.58 1 0
storyblok-sync/internal/ui/handlers_preflight.go:36.58,38.4 1 0
storyblok-sync/internal/ui/handlers_preflight.go:38.9,40.4 1 0
storyblok-sync/internal/ui/handlers_preflight.go:41.3,42.28 2 0
storyblok-sync/internal/ui/handlers_preflight.go:43.24,45.16 2 0
storyblok-sync/internal/ui/handlers_preflight.go:45.16,47.4 1 0
storyblok-sync/internal/ui/handlers_preflight.go:48.3,48.38 1 0
storyblok-sync/internal/ui/handlers_preflight.go:48.38,50.4 1 0
storyblok-sync/internal/ui/handlers_preflight.go:50.9,52.4 1 0
storyblok-sync/internal/ui/handlers_preflight.go:53.3,54.28 2 0
storyblok-sync/internal/ui/handlers_preflight.go:55.11,56.33 1 1
storyblok-sync/internal/ui/handlers_preflight.go:56.33,58.35 2 1
storyblok-sync/internal/ui/handlers_preflight.go:58.35,62.5 3 1
storyblok-sync/internal/ui/handlers_preflight.go:64.11,65.36 1 1
storyblok-sync/internal/ui/handlers_preflight.go:65.36,66.71 1 1
storyblok-sync/internal/ui/handlers_preflight.go:66.71,69.5 2 1
storyblok-sync/internal/ui/handlers_preflight.go:71.3,71.28 1 1
storyblok-sync/internal/ui/handlers_preflight.go:72.11,74.40 2 1
storyblok-sync/internal/ui/handlers_preflight.go:74.40,75.15 1 1
storyblok-sync/internal/ui/handlers_preflight.go:75.15,78.5 2 1
storyblok-sync/internal/ui/handlers_preflight.go:80.3,80.14 1 1
storyblok-sync/internal/ui/handlers_preflight.go:80.14,82.4 1 1
storyblok-sync/internal/ui/handlers_preflight.go:83.18,86.16 3 1
storyblok-sync/internal/ui/handlers_preflight.go:87.15,89.34 2 0
storyblok-sync/internal/ui/handlers_preflight.go:89.34,92.4 2 0
storyblok-sync/internal/ui/handlers_preflight.go:93.3,105.27 9 0
storyblok-sync/internal/ui/handlers_preflight.go:105.27,107.4 1 0
storyblok-sync/internal/ui/handlers_preflight.go:108.3,108.27 1 0
storyblok-sync/internal/ui/handlers_preflight.go:108.27,110.4 1 0
storyblok-sync/internal/ui/handlers_preflight.go:111.3,114.55 3 0
storyblok-sync/internal/ui/handlers_preflight.go:116.2,116.15 1 1
storyblok-sync/internal/ui/handlers_preflight.go:119.34,121.37 2 1
storyblok-sync/internal/ui/handlers_preflight.go:121.37,123.3 1 1
storyblok-sync/internal/ui/handlers_preflight.go:124.2,125.44 2 1
storyblok-sync/internal/ui/handlers_preflight.go:125.44,126.9 1 1
storyblok-sync/internal/ui/handlers_preflight.go:126.9,127.12 1 0
storyblok-sync/internal/ui/handlers_preflight.go:129.3,129.43 1 1
storyblok-sync/internal/ui/handlers_preflight.go:129.43,131.4 1 1
storyblok-sync/internal/ui/handlers_preflight.go:133.2,133.24 1 1
storyblok-sync/internal/ui/handlers_preflight.go:133.24,137.3 3 1
storyblok-sync/internal/ui/handlers_preflight.go:138.2,140.37 3 1
storyblok-sync/internal/ui/handlers_preflight.go:140.37,141.19 1 1
storyblok-sync/internal/ui/handlers_preflight.go:141.19,142.12 1 1
storyblok-sync/internal/ui/handlers_preflight.go:144.3,144.25 1 1
storyblok-sync/internal/ui/handlers_preflight.go:144.25,145.66 1 1
storyblok-sync/internal/ui/handlers_preflight.go:145.66,147.13 2 1
storyblok-sync/internal/ui/handlers_preflight.go:150.3,150.27 1 1
storyblok-sync/internal/ui/handlers_preflight.go:152.2,154.23 3 1
storyblok-sync/internal/ui/handlers_preflight.go:154.23,160.36 6 1
storyblok-sync/internal/ui/handlers_preflight.go:160.36,162.4 1 1
storyblok-sync/internal/ui/handlers_preflight.go:164.2,164.26 1 1
storyblok-sync/internal/ui/handlers_preflight.go:164.26,166.3 1 1
storyblok-sync/internal/ui/handlers_preflight.go:167.2,170.27 4 1
storyblok-sync/internal/ui/handlers_preflight.go:170.27,171.19 1 1
storyblok-sync/internal/ui/handlers_preflight.go:171.19,173.4 1 1
storyblok-sync/internal/ui/handlers_preflight.go:175.2,176.27 2 1
storyblok-sync/internal/ui/handlers_preflight.go:179.48,181.12 2 0
storyblok-sync/internal/ui/handlers_preflight.go:181.12,184.3 2 0
storyblok-sync/internal/ui/handlers_preflight.go:185.2,185.31 1 0
storyblok-sync/internal/ui/handlers_preflight.go:185.31,187.3 1 0
storyblok-sync/internal/ui/handlers_preflight.go:188.2,188.33 1 0
storyblok-sync/internal/ui/handlers_preflight.go:188.33,190.3 1 0
storyblok-sync/internal/ui/handlers_preflight.go:192.2,200.27 5 0
storyblok-sync/internal/ui/handlers_preflight.go:200.27,202.3 1 0
storyblok-sync/internal/ui/handlers_preflight.go:204.2,204.39 1 0
storyblok-sync/internal/ui/handlers_preflight.go:204.39,207.21 2 0
storyblok-sync/internal/ui/handlers_preflight.go:207.21,209.4 1 0
storyblok-sync/internal/ui/handlers_preflight.go:210.3,210.36 1 0
storyblok-sync/internal/ui/handlers_preflight.go:211.8,211.49 1 0
storyblok-sync/internal/ui/handlers_preflight.go:211.49,214.21 2 0
storyblok-sync/internal/ui/handlers_preflight.go:214.21,216.4 1 0
storyblok-sync/internal/ui/handlers_preflight.go:217.3,217.36 1 0
storyblok-sync/internal/ui/handlers_preflight.go:221.52,229.23 3 0
storyblok-sync/internal/ui/handlers_preflight.go:229.23,231.3 1 0
storyblok-sync/internal/ui/handlers_preflight.go:233.2,233.75 1 0
storyblok-sync/internal/ui/handlers_preflight.go:233.75,241.35 4 0
storyblok-sync/internal/ui/handlers_preflight.go:241.35,243.4 1 0
storyblok-sync/internal/ui/handlers_preflight.go:244.3,244.30 1 0
storyblok-sync/internal/ui/handlers_preflight.go:244.30,246.4 1 0
storyblok-sync/internal/ui/handlers_preflight.go:248.3,252.29 3 0
storyblok-sync/internal/ui/handlers_preflight.go:255.2,255.19 1 0
storyblok-sync/internal/ui/handlers_preflight.go:258.67,266.20 3 0
storyblok-sync/internal/ui/handlers_preflight.go:266.20,268.3 1 0
storyblok-sync/internal/ui/handlers_preflight.go:268.8,270.3 1 0
storyblok-sync/internal/ui/handlers_preflight.go:272.2,272.16 1 0
storyblok-sync/internal/ui/handlers_preflight.go:275.70,278.37 2 0
storyblok-sync/internal/ui/handlers_preflight.go:278.37,279.19 1 0
storyblok-sync/internal/ui/handlers_preflight.go:279.19,281.4 1 0
storyblok-sync/internal/ui/handlers_preflight.go:283.2,283.14 1 0
storyblok-sync/internal/ui/handlers_report.go:11.61,12.13 1 0
storyblok-sync/internal/ui/handlers_report.go:13.15,17.31 3 0
storyblok-sync/internal/ui/handlers_report.go:18.11,20.35 1 0
storyblok-sync/internal/ui/handlers_report.go:20.35,22.28 2 0
storyblok-sync/internal/ui/handlers_report.go:22.28,28.5 5 0
storyblok-sync/internal/ui/handlers_report.go:31.3,32.16 2 0
storyblok-sync/internal/ui/handlers_report.go:34.2,34.15 1 0
storyblok-sync/internal/ui/handlers_report.go:38.57,43.40 3 0
storyblok-sync/internal/ui/handlers_report.go:43.40,45.3 1 0
storyblok-sync/internal/ui/handlers_report.go:48.2,49.40 2 0
storyblok-sync/internal/ui/handlers_report.go:49.40,51.3 1 0
storyblok-sync/internal/ui/handlers_report.go:54.2,54.41 1 0
storyblok-sync/internal/ui/handlers_report.go:54.41,55.32 1 0
storyblok-sync/internal/ui/handlers_report.go:55.32,56.60 1 0
storyblok-sync/internal/ui/handlers_report.go:56.60,66.5 3 0
storyblok-sync/internal/ui/handlers_report.go:70.2,70.20 1 0
storyblok-sync/internal/ui/handlers_setup.go:12.62,13.13 1 1
storyblok-sync/internal/ui/handlers_setup.go:14.15,15.24 1 1
storyblok-sync/internal/ui/handlers_setup.go:15.24,19.4 3 1
storyblok-sync/internal/ui/handlers_setup.go:20.3,22.60 3 1
storyblok-sync/internal/ui/handlers_setup.go:24.2,24.15 1 0
storyblok-sync/internal/ui/handlers_setup.go:27.70,29.13 2 0
storyblok-sync/internal/ui/handlers_setup.go:30.13,33.16 3 0
storyblok-sync/internal/ui/handlers_setup.go:34.15,36.24 2 0
storyblok-sync/internal/ui/handlers_setup.go:36.24,39.4 2 0
storyblok-sync/internal/ui/handlers_setup.go:40.3,42.60 3 0
storyblok-sync/internal/ui/handlers_setup.go:43.10,46.16 3 0
storyblok-sync/internal/ui/handlers_setup.go:50.65,52.2 1 0
storyblok-sync/internal/ui/handlers_setup.go:54.66,55.13 1 0
storyblok-sync/internal/ui/handlers_setup.go:56.19,57.40 1 0
storyblok-sync/internal/ui/handlers_setup.go:57.40,59.4 1 0
storyblok-sync/internal/ui/handlers_setup.go:60.17,61.26 1 0
storyblok-sync/internal/ui/handlers_setup.go:61.26,63.4 1 0
storyblok-sync/internal/ui/handlers_setup.go:64.15,65.25 1 0
storyblok-sync/internal/ui/handlers_setup.go:65.25,67.4 1 0
storyblok-sync/internal/ui/handlers_setup.go:68.3,69.24 2 0
storyblok-sync/internal/ui/handlers_setup.go:69.24,78.4 4 0
storyblok-sync/internal/ui/handlers_setup.go:78.9,83.4 4 0
storyblok-sync/internal/ui/handlers_setup.go:85.2,85.15 1 0
storyblok-sync/internal/ui/handlers_setup.go:88.63,91.2 1 0
storyblok-sync/internal/ui/handlers_sync.go:7.63,8.13 1 0
storyblok-sync/internal/ui/handlers_sync.go:9.16,10.26 1 0
storyblok-sync/internal/ui/handlers_sync.go:10.26,12.4 1 0
storyblok-sync/internal/ui/handlers_sync.go:13.3,15.16 3 0
storyblok-sync/internal/ui/handlers_sync.go:20.2,20.15 1 0
storyblok-sync/internal/ui/init.go:12.27,25.21 5 1
storyblok-sync/internal/ui/init.go:25.21,27.3 1 0
storyblok-sync/internal/ui/init.go:27.8,29.3 1 1
storyblok-sync/internal/ui/init.go:32.2,74.10 30 1
storyblok-sync/internal/ui/init.go:77.31,77.45 1 0
storyblok-sync/internal/ui/messages.go:25.43,26.24 1 1
storyblok-sync/internal/ui/messages.go:26.24,31.17 5 0
storyblok-sync/internal/ui/messages.go:31.17,33.4 1 0
storyblok-sync/internal/ui/messages.go:34.3,34.47 1 0
storyblok-sync/internal/ui/messages.go:38.41,40.26 2 0
storyblok-sync/internal/ui/messages.go:40.26,42.3 1 0
storyblok-sync/internal/ui/messages.go:43.2,43.26 1 0
storyblok-sync/internal/ui/messages.go:43.26,45.3 1 0
storyblok-sync/internal/ui/messages.go:46.2,48.24 2 0
storyblok-sync/internal/ui/messages.go:48.24,55.17 5 0
storyblok-sync/internal/ui/messages.go:55.17,57.4 1 0
storyblok-sync/internal/ui/messages.go:58.3,60.17 3 0
storyblok-sync/internal/ui/messages.go:60.17,62.4 1 0
storyblok-sync/internal/ui/messages.go:63.3,64.47 2 0
storyblok-sync/internal/ui/report.go:50.57,57.2 1 1
storyblok-sync/internal/ui/report.go:60.37,62.2 1 1
storyblok-sync/internal/ui/report.go:65.92,73.2 1 1
storyblok-sync/internal/ui/report.go:76.114,86.2 1 1
storyblok-sync/internal/ui/report.go:89.97,98.2 1 1
storyblok-sync/internal/ui/report.go:101.29,105.2 3 1
storyblok-sync/internal/ui/report.go:108.37,111.30 2 1
storyblok-sync/internal/ui/report.go:111.30,114.19 2 1
storyblok-sync/internal/ui/report.go:115.18,116.21 1 1
storyblok-sync/internal/ui/report.go:117.18,118.21 1 1
storyblok-sync/internal/ui/report.go:119.18,120.21 1 1
storyblok-sync/internal/ui/report.go:123.3,123.22 1 1
storyblok-sync/internal/ui/report.go:124.17,125.21 1 1
storyblok-sync/internal/ui/report.go:126.17,127.21 1 1
storyblok-sync/internal/ui/report.go:128.15,129.21 1 0
storyblok-sync/internal/ui/report.go:133.2,133.21 1 1
storyblok-sync/internal/ui/report.go:137.59,138.30 1 1
storyblok-sync/internal/ui/report.go:138.30,139.19 1 1
storyblok-sync/internal/ui/report.go:140.18,141.13 1 1
storyblok-sync/internal/ui/report.go:142.18,143.13 1 1
storyblok-sync/internal/ui/report.go:144.18,145.13 1 1
storyblok-sync/internal/ui/report.go:148.2,148.8 1 1
storyblok-sync/internal/ui/report.go:152.45,156.2 2 1
storyblok-sync/internal/ui/report.go:160.31,163.25 2 1
storyblok-sync/internal/ui/report.go:163.25,165.3 1 0
storyblok-sync/internal/ui/report.go:168.2,168.46 1 1
storyblok-sync/internal/ui/report.go:168.46,171.3 1 0
storyblok-sync/internal/ui/report.go:173.2,174.16 2 1
storyblok-sync/internal/ui/report.go:174.16,176.3 1 0
storyblok-sync/internal/ui/report.go:178.2,179.44 2 1
storyblok-sync/internal/ui/report.go:183.44,185.16 2 1
storyblok-sync/internal/ui/report.go:185.16,187.3 1 0
storyblok-sync/internal/ui/report.go:190.2,190.22 1 1
storyblok-sync/internal/ui/report.go:190.22,192.3 1 1
storyblok-sync/internal/ui/report.go:195.2,199.37 3 0
storyblok-sync/internal/ui/report.go:199.37,200.41 1 0
storyblok-sync/internal/ui/report.go:200.41,202.4 1 0
storyblok-sync/internal/ui/report.go:205.2,205.28 1 0
storyblok-sync/internal/ui/report.go:205.28,207.3 1 0
storyblok-sync/internal/ui/report.go:209.2,209.12 1 0
storyblok-sync/internal/ui/sort.go:13.38,14.48 1 1
storyblok-sync/internal/ui/sort.go:14.48,17.15 3 1
storyblok-sync/internal/ui/sort.go:17.15,19.4 1 1
storyblok-sync/internal/ui/sort.go:20.3,22.17 3 1
storyblok-sync/internal/ui/sort.go:26.36,27.9 1 1
storyblok-sync/internal/ui/sort.go:28.19,29.11 1 1
storyblok-sync/internal/ui/sort.go:30.22,31.11 1 1
storyblok-sync/internal/ui/sort.go:32.10,33.11 1 1
storyblok-sync/internal/ui/sort.go:37.38,38.19 1 1
storyblok-sync/internal/ui/sort.go:38.19,40.3 1 1
storyblok-sync/internal/ui/sort.go:41.2,41.16 1 0
storyblok-sync/internal/ui/styles.go:60.38,64.2 3 1
storyblok-sync/internal/ui/styles.go:69.66,72.22 2 0
storyblok-sync/internal/ui/styles.go:72.22,74.3 1 0
storyblok-sync/internal/ui/styles.go:76.2,76.33 1 0
storyblok-sync/internal/ui/styles.go:76.33,78.3 1 0
storyblok-sync/internal/ui/styles.go:81.2,82.41 2 0
storyblok-sync/internal/ui/sync.go:35.68,39.2 1 1
storyblok-sync/internal/ui/sync.go:42.96,44.2 1 1
storyblok-sync/internal/ui/sync.go:47.55,49.2 1 1
storyblok-sync/internal/ui/sync.go:51.62,53.2 1 0
storyblok-sync/internal/ui/sync.go:56.100,59.27 2 0
storyblok-sync/internal/ui/sync.go:59.27,61.3 1 0
storyblok-sync/internal/ui/sync.go:63.2,64.25 2 0
storyblok-sync/internal/ui/sync.go:64.25,67.3 2 0
storyblok-sync/internal/ui/sync.go:69.2,70.16 2 0
storyblok-sync/internal/ui/sync.go:70.16,72.3 1 0
storyblok-sync/internal/ui/sync.go:74.2,74.28 1 0
storyblok-sync/internal/ui/sync.go:74.28,76.3 1 0
storyblok-sync/internal/ui/sync.go:76.8,79.3 2 0
storyblok-sync/internal/ui/sync.go:81.2,81.28 1 0
storyblok-sync/internal/ui/sync.go:85.94,86.56 1 0
storyblok-sync/internal/ui/sync.go:86.56,88.3 1 0
storyblok-sync/internal/ui/sync.go:90.2,94.16 3 0
storyblok-sync/internal/ui/sync.go:94.16,97.3 2 0
storyblok-sync/internal/ui/sync.go:99.2,99.12 1 0
storyblok-sync/internal/ui/sync.go:102.52,104.2 1 0
storyblok-sync/internal/ui/sync.go:112.67,114.2 1 0
storyblok-sync/internal/ui/sync.go:116.67,118.2 1 0
storyblok-sync/internal/ui/sync.go:120.80,122.2 1 0
storyblok-sync/internal/ui/sync.go:126.43,128.2 1 0
storyblok-sync/internal/ui/sync.go:131.60,134.2 2 0
storyblok-sync/internal/ui/sync.go:137.83,146.40 5 0
storyblok-sync/internal/ui/sync.go:146.40,148.3 1 0
storyblok-sync/internal/ui/sync.go:149.2,149.18 1 0
storyblok-sync/internal/ui/sync.go:153.37,162.2 4 1
storyblok-sync/internal/ui/sync.go:164.39,165.43 1 0
storyblok-sync/internal/ui/sync.go:165.43,167.3 1 0
storyblok-sync/internal/ui/sync.go:168.2,179.59 6 0
storyblok-sync/internal/ui/sync.go:187.54,189.2 1 0
storyblok-sync/internal/ui/sync.go:191.54,193.2 1 0
storyblok-sync/internal/ui/sync.go:195.50,197.2 1 0
storyblok-sync/internal/ui/sync.go:200.36,202.2 1 0
storyblok-sync/internal/ui/sync.go:204.44,206.2 1 0
storyblok-sync/internal/ui/sync.go:217.128,220.2 1 0
storyblok-sync/internal/ui/sync.go:222.128,225.2 1 0
storyblok-sync/internal/ui/sync.go:245.145,248.38 2 1
storyblok-sync/internal/ui/sync.go:248.38,250.3 1 1
storyblok-sync/internal/ui/sync.go:252.2,260.3 1 1
storyblok-sync/internal/ui/sync.go:264.104,266.16 2 1
storyblok-sync/internal/ui/sync.go:266.16,268.3 1 0
storyblok-sync/internal/ui/sync.go:270.2,270.24 1 1
storyblok-sync/internal/ui/sync.go:270.24,272.3 1 1
storyblok-sync/internal/ui/sync.go:274.2,276.21 3 0
storyblok-sync/internal/ui/sync.go:280.118,282.13 2 1
storyblok-sync/internal/ui/sync.go:282.13,284.3 1 0
storyblok-sync/internal/ui/sync.go:287.2,288.16 2 1
storyblok-sync/internal/ui/sync.go:288.16,291.3 2 0
storyblok-sync/internal/ui/sync.go:294.2,298.20 4 1
storyblok-sync/internal/ui/sync.go:302.100,306.16 3 1
storyblok-sync/internal/ui/sync.go:306.16,309.3 2 0
storyblok-sync/internal/ui/sync.go:311.2,313.21 2 1
storyblok-sync/internal/ui/sync.go:317.159,319.21 2 1
storyblok-sync/internal/ui/sync.go:319.21,321.3 1 0
storyblok-sync/internal/ui/sync.go:323.2,328.36 4 1
storyblok-sync/internal/ui/sync.go:328.36,337.17 5 1
storyblok-sync/internal/ui/sync.go:337.17,339.4 1 0
storyblok-sync/internal/ui/sync.go:341.3,341.22 1 1
storyblok-sync/internal/ui/sync.go:341.22,344.12 2 0
storyblok-sync/internal/ui/sync.go:348.3,352.17 4 1
storyblok-sync/internal/ui/sync.go:352.17,354.4 1 0
storyblok-sync/internal/ui/sync.go:357.3,361.17 4 1
storyblok-sync/internal/ui/sync.go:361.17,363.4 1 0
storyblok-sync/internal/ui/sync.go:365.3,369.20 3 1
storyblok-sync/internal/ui/sync.go:369.20,371.4 1 1
storyblok-sync/internal/ui/sync.go:374.2,374.21 1 1
storyblok-sync/internal/ui/sync.go:377.67,379.2 1 0
storyblok-sync/internal/ui/sync.go:381.38,382.60 1 1
storyblok-sync/internal/ui/sync.go:382.60,384.3 1 1
storyblok-sync/internal/ui/sync.go:385.2,385.13 1 1
storyblok-sync/internal/ui/sync.go:389.57,400.33 6 0
storyblok-sync/internal/ui/sync.go:400.33,402.39 2 0
storyblok-sync/internal/ui/sync.go:402.39,404.4 1 0
storyblok-sync/internal/ui/sync.go:405.3,408.28 2 0
storyblok-sync/internal/ui/sync.go:408.28,409.69 1 0
storyblok-sync/internal/ui/sync.go:409.69,411.5 1 0
storyblok-sync/internal/ui/sync.go:411.10,413.5 1 0
storyblok-sync/internal/ui/sync.go:416.2,419.31 2 0
storyblok-sync/internal/ui/sync.go:419.31,421.17 2 0
storyblok-sync/internal/ui/sync.go:421.17,423.4 1 0
storyblok-sync/internal/ui/sync.go:425.3,425.31 1 0
storyblok-sync/internal/ui/sync.go:425.31,427.4 1 0
storyblok-sync/internal/ui/sync.go:427.9,430.4 1 0
storyblok-sync/internal/ui/sync.go:436.2,437.16 2 0
storyblok-sync/internal/ui/sync.go:437.16,439.3 1 0
storyblok-sync/internal/ui/sync.go:442.2,442.32 1 0
storyblok-sync/internal/ui/sync.go:442.32,444.23 2 0
storyblok-sync/internal/ui/sync.go:444.23,445.125 1 0
storyblok-sync/internal/ui/sync.go:445.125,447.5 1 0
storyblok-sync/internal/ui/sync.go:447.10,449.5 1 0
storyblok-sync/internal/ui/sync.go:454.2,456.23 2 0
storyblok-sync/internal/ui/sync.go:456.23,461.17 4 0
storyblok-sync/internal/ui/sync.go:461.17,463.4 1 0
storyblok-sync/internal/ui/sync.go:466.3,466.63 1 0
storyblok-sync/internal/ui/sync.go:466.63,467.100 1 0
storyblok-sync/internal/ui/sync.go:467.100,469.5 1 0
storyblok-sync/internal/ui/sync.go:472.3,472.56 1 0
storyblok-sync/internal/ui/sync.go:473.8,483.55 4 0
storyblok-sync/internal/ui/sync.go:483.55,485.4 1 0
storyblok-sync/internal/ui/sync.go:487.3,488.17 2 0
storyblok-sync/internal/ui/sync.go:488.17,490.4 1 0
storyblok-sync/internal/ui/sync.go:493.3,493.63 1 0
storyblok-sync/internal/ui/sync.go:493.63,494.100 1 0
storyblok-sync/internal/ui/sync.go:494.100,496.5 1 0
storyblok-sync/internal/ui/sync.go:499.3,499.56 1 0
storyblok-sync/internal/ui/sync.go:502.2,502.12 1 0
storyblok-sync/internal/ui/sync.go:506.84,509.2 2 0
storyblok-sync/internal/ui/sync.go:514.38,516.2 1 0
storyblok-sync/internal/ui/sync.go:519.62,527.16 5 0
storyblok-sync/internal/ui/sync.go:527.16,529.3 1 0
storyblok-sync/internal/ui/sync.go:532.2,533.16 2 0
storyblok-sync/internal/ui/sync.go:533.16,535.3 1 0
storyblok-sync/internal/ui/sync.go:538.2,538.31 1 0
storyblok-sync/internal/ui/sync.go:538.31,540.23 2 0
storyblok-sync/internal/ui/sync.go:540.23,541.125 1 0
storyblok-sync/internal/ui/sync.go:541.125,543.5 1 0
storyblok-sync/internal/ui/sync.go:543.10,546.5 2 0
storyblok-sync/internal/ui/sync.go:551.2,553.23 2 0
storyblok-sync/internal/ui/sync.go:553.23,558.17 4 0
storyblok-sync/internal/ui/sync.go:558.17,560.4 1 0
storyblok-sync/internal/ui/sync.go:563.3,563.61 1 0
storyblok-sync/internal/ui/sync.go:563.61,564.99 1 0
storyblok-sync/internal/ui/sync.go:564.99,566.5 1 0
storyblok-sync/internal/ui/sync.go:569.3,569.54 1 0
storyblok-sync/internal/ui/sync.go:570.8,580.54 4 0
storyblok-sync/internal/ui/sync.go:580.54,584.4 1 0
storyblok-sync/internal/ui/sync.go:586.3,587.17 2 0
storyblok-sync/internal/ui/sync.go:587.17,589.4 1 0
storyblok-sync/internal/ui/sync.go:592.3,592.61 1 0
storyblok-sync/internal/ui/sync.go:592.61,593.99 1 0
storyblok-sync/internal/ui/sync.go:593.99,595.5 1 0
storyblok-sync/internal/ui/sync.go:598.3,598.54 1 0
storyblok-sync/internal/ui/sync.go:601.2,601.12 1 0
storyblok-sync/internal/ui/sync.go:606.89,609.2 2 0
storyblok-sync/internal/ui/sync.go:612.99,614.2 1 1
storyblok-sync/internal/ui/sync.go:616.51,619.2 2 0
storyblok-sync/internal/ui/sync.go:622.78,625.2 2 0
storyblok-sync/internal/ui/sync.go:628.49,630.2 1 0
storyblok-sync/internal/ui/sync.go:632.62,634.2 1 0
storyblok-sync/internal/ui/sync.go:636.36,638.2 1 0
storyblok-sync/internal/ui/sync.go:641.37,643.2 1 1
storyblok-sync/internal/ui/sync.go:652.94,654.2 1 0
storyblok-sync/internal/ui/sync.go:656.122,658.2 1 0
storyblok-sync/internal/ui/sync.go:660.109,662.2 1 0
storyblok-sync/internal/ui/sync.go:665.80,667.33 2 1
storyblok-sync/internal/ui/sync.go:667.33,677.3 1 1
storyblok-sync/internal/ui/sync.go:678.2,678.18 1 1
storyblok-sync/internal/ui/sync.go:682.84,684.37 2 1
storyblok-sync/internal/ui/sync.go:684.37,694.3 1 1
storyblok-sync/internal/ui/sync.go:695.2,695.16 1 1
storyblok-sync/internal/ui/sync.go:699.56,700.18 1 1
storyblok-sync/internal/ui/sync.go:701.18,702.19 1 1
storyblok-sync/internal/ui/sync.go:703.18,704.19 1 0
storyblok-sync/internal/ui/sync.go:705.15,706.19 1 0
storyblok-sync/internal/ui/sync.go:707.20,708.18 1 0
storyblok-sync/internal/ui/sync.go:709.10,710.19 1 0
storyblok-sync/internal/ui/sync.go:714.57,715.19 1 1
storyblok-sync/internal/ui/sync.go:716.17,717.20 1 1
storyblok-sync/internal/ui/sync.go:718.17,719.20 1 0
storyblok-sync/internal/ui/sync.go:720.17,721.17 1 0
storyblok-sync/internal/ui/sync.go:722.16,723.22 1 0
storyblok-sync/internal/ui/sync.go:724.10,725.20 1 0
storyblok-sync/internal/ui/types.go:80.40,81.9 1 1
storyblok-sync/internal/ui/types.go:82.15,83.23 1 1
storyblok-sync/internal/ui/types.go:84.20,85.25 1 1
storyblok-sync/internal/ui/types.go:86.10,87.25 1 1
storyblok-sync/internal/ui/update_main.go:13.57,14.27 1 1
storyblok-sync/internal/ui/update_main.go:16.18,18.32 2 1
storyblok-sync/internal/ui/update_main.go:18.32,20.4 1 0
storyblok-sync/internal/ui/update_main.go:23.3,23.22 1 1
storyblok-sync/internal/ui/update_main.go:23.22,25.40 1 0
storyblok-sync/internal/ui/update_main.go:25.40,29.5 3 0
storyblok-sync/internal/ui/update_main.go:30.4,30.22 1 0
storyblok-sync/internal/ui/update_main.go:32.3,32.17 1 1
storyblok-sync/internal/ui/update_main.go:32.17,34.4 1 1
storyblok-sync/internal/ui/update_main.go:36.3,36.18 1 0
storyblok-sync/internal/ui/update_main.go:37.21,38.34 1 0
storyblok-sync/internal/ui/update_main.go:39.25,40.38 1 0
storyblok-sync/internal/ui/update_main.go:41.24,42.37 1 0
storyblok-sync/internal/ui/update_main.go:43.25,44.38 1 0
storyblok-sync/internal/ui/update_main.go:45.22,46.35 1 0
storyblok-sync/internal/ui/update_main.go:47.24,48.37 1 0
storyblok-sync/internal/ui/update_main.go:49.18,50.31 1 0
storyblok-sync/internal/ui/update_main.go:51.20,52.33 1 0
storyblok-sync/internal/ui/update_main.go:55.25,62.25 5 0
storyblok-sync/internal/ui/update_main.go:62.25,64.4 1 0
storyblok-sync/internal/ui/update_main.go:65.3,71.28 3 0
storyblok-sync/internal/ui/update_main.go:73.19,74.21 1 0
storyblok-sync/internal/ui/update_main.go:74.21,79.4 4 0
storyblok-sync/internal/ui/update_main.go:80.3,83.56 2 0
storyblok-sync/internal/ui/update_main.go:83.56,85.4 1 0
storyblok-sync/internal/ui/update_main.go:85.9,87.4 1 0
storyblok-sync/internal/ui/update_main.go:89.3,89.57 1 0
storyblok-sync/internal/ui/update_main.go:89.57,93.36 3 0
storyblok-sync/internal/ui/update_main.go:93.36,99.5 5 0
storyblok-sync/internal/ui/update_main.go:101.3,104.16 4 0
storyblok-sync/internal/ui/update_main.go:106.15,107.21 1 0
storyblok-sync/internal/ui/update_main.go:107.21,111.4 3 0
storyblok-sync/internal/ui/update_main.go:112.3,117.34 6 0
storyblok-sync/internal/ui/update_main.go:117.34,119.4 1 0
storyblok-sync/internal/ui/update_main.go:119.9,122.4 1 0
storyblok-sync/internal/ui/update_main.go:123.3,126.16 4 0
storyblok-sync/internal/ui/update_main.go:128.23,129.85 1 0
storyblok-sync/internal/ui/update_main.go:129.85,133.4 3 0
storyblok-sync/internal/ui/update_main.go:134.3,134.16 1 0
storyblok-sync/internal/ui/update_main.go:136.21,137.41 1 0
storyblok-sync/internal/ui/update_main.go:137.41,138.21 1 0
storyblok-sync/internal/ui/update_main.go:138.21,144.61 4 0
storyblok-sync/internal/ui/update_main.go:144.61,145.90 1 0
storyblok-sync/internal/ui/update_main.go:145.90,149.7 3 0
storyblok-sync/internal/ui/update_main.go:152.5,156.18 5 0
storyblok-sync/internal/ui/update_main.go:159.4,162.22 3 0
storyblok-sync/internal/ui/update_main.go:162.22,165.5 1 0
storyblok-sync/internal/ui/update_main.go:165.10,165.32 1 0
storyblok-sync/internal/ui/update_main.go:165.32,167.33 1 0
storyblok-sync/internal/ui/update_main.go:167.33,170.6 1 0
storyblok-sync/internal/ui/update_main.go:170.11,173.6 1 0
storyblok-sync/internal/ui/update_main.go:174.10,177.5 1 0
storyblok-sync/internal/ui/update_main.go:180.3,182.40 3 0
storyblok-sync/internal/ui/update_main.go:182.40,183.25 1 0
storyblok-sync/internal/ui/update_main.go:183.25,185.5 1 0
storyblok-sync/internal/ui/update_main.go:185.10,185.37 1 0
storyblok-sync/internal/ui/update_main.go:185.37,187.5 1 0
storyblok-sync/internal/ui/update_main.go:189.3,192.27 2 0
storyblok-sync/internal/ui/update_main.go:192.27,194.4 1 0
storyblok-sync/internal/ui/update_main.go:197.3,197.64 1 0
storyblok-sync/internal/ui/update_main.go:197.64,199.4 1 0
storyblok-sync/internal/ui/update_main.go:201.3,203.20 3 0
storyblok-sync/internal/ui/update_main.go:203.20,205.4 1 0
storyblok-sync/internal/ui/update_main.go:205.9,207.4 1 0
storyblok-sync/internal/ui/update_main.go:208.3,212.16 3 0
storyblok-sync/internal/ui/update_main.go:215.2,215.15 1 0
storyblok-sync/internal/ui/utils.go:12.79,13.36 1 0
storyblok-sync/internal/ui/utils.go:13.36,14.38 1 0
storyblok-sync/internal/ui/utils.go:14.38,16.4 1 0
storyblok-sync/internal/ui/utils.go:18.2,18.26 1 0
storyblok-sync/internal/ui/utils.go:21.46,22.37 1 1
storyblok-sync/internal/ui/utils.go:22.37,23.26 1 1
storyblok-sync/internal/ui/utils.go:23.26,25.4 1 1
storyblok-sync/internal/ui/utils.go:27.2,27.11 1 0
storyblok-sync/internal/ui/utils.go:30.61,31.6 1 1
storyblok-sync/internal/ui/utils.go:31.6,32.15 1 1
storyblok-sync/internal/ui/utils.go:32.15,34.4 1 1
storyblok-sync/internal/ui/utils.go:35.3,37.25 3 1
storyblok-sync/internal/ui/utils.go:37.25,39.4 1 1
storyblok-sync/internal/ui/utils.go:40.3,41.10 2 1
storyblok-sync/internal/ui/utils.go:41.10,43.4 1 0
storyblok-sync/internal/ui/utils.go:44.3,44.13 1 1
storyblok-sync/internal/ui/utils.go:48.37,51.37 3 1
storyblok-sync/internal/ui/utils.go:51.37,53.18 2 1
storyblok-sync/internal/ui/utils.go:53.18,55.4 1 1
storyblok-sync/internal/ui/utils.go:59.56,61.41 2 1
storyblok-sync/internal/ui/utils.go:61.41,62.40 1 1
storyblok-sync/internal/ui/utils.go:62.40,64.4 1 1
storyblok-sync/internal/ui/utils.go:66.2,66.14 1 1
storyblok-sync/internal/ui/utils.go:69.57,71.41 2 1
storyblok-sync/internal/ui/utils.go:71.41,72.40 1 1
storyblok-sync/internal/ui/utils.go:72.40,74.36 2 1
storyblok-sync/internal/ui/utils.go:74.36,76.5 1 1
storyblok-sync/internal/ui/utils.go:79.2,79.14 1 1
storyblok-sync/internal/ui/view_browse.go:12.40,15.2 2 1
storyblok-sync/internal/ui/view_browse.go:17.44,26.24 6 0
storyblok-sync/internal/ui/view_browse.go:26.24,28.3 1 0
storyblok-sync/internal/ui/view_browse.go:28.8,30.3 1 0
storyblok-sync/internal/ui/view_browse.go:32.2,32.24 1 0
storyblok-sync/internal/ui/view_browse.go:32.24,34.3 1 0
storyblok-sync/internal/ui/view_browse.go:34.8,36.3 1 0
storyblok-sync/internal/ui/view_browse.go:38.2,38.19 1 0
storyblok-sync/internal/ui/view_browse.go:41.45,45.19 3 1
storyblok-sync/internal/ui/view_browse.go:45.19,48.3 2 0
storyblok-sync/internal/ui/view_browse.go:50.2,51.16 2 1
storyblok-sync/internal/ui/view_browse.go:51.16,54.3 2 1
storyblok-sync/internal/ui/view_browse.go:57.2,58.29 2 1
storyblok-sync/internal/ui/view_browse.go:58.29,60.3 1 1
storyblok-sync/internal/ui/view_browse.go:63.2,65.29 3 1
storyblok-sync/internal/ui/view_browse.go:65.29,68.3 2 1
storyblok-sync/internal/ui/view_browse.go:70.2,70.29 1 1
storyblok-sync/internal/ui/view_browse.go:70.29,72.25 2 1
storyblok-sync/internal/ui/view_browse.go:72.25,73.45 1 1
storyblok-sync/internal/ui/view_browse.go:73.45,75.13 2 1
storyblok-sync/internal/ui/view_browse.go:78.3,78.17 1 1
storyblok-sync/internal/ui/view_browse.go:82.2,83.49 2 1
storyblok-sync/internal/ui/view_browse.go:83.49,85.3 1 0
storyblok-sync/internal/ui/view_browse.go:87.2,87.29 1 1
storyblok-sync/internal/ui/view_browse.go:87.29,88.22 1 1
storyblok-sync/internal/ui/view_browse.go:88.22,89.9 1 0
storyblok-sync/internal/ui/view_browse.go:92.3,93.33 2 1
storyblok-sync/internal/ui/view_browse.go:93.33,95.4 1 1
storyblok-sync/internal/ui/view_browse.go:95.9,97.4 1 1
storyblok-sync/internal/ui/view_browse.go:99.3,100.33 2 1
storyblok-sync/internal/ui/view_browse.go:100.33,102.4 1 1
storyblok-sync/internal/ui/view_browse.go:104.3,105.40 2 1
storyblok-sync/internal/ui/view_browse.go:105.40,107.4 1 1
storyblok-sync/internal/ui/view_browse.go:107.9,107.25 1 1
storyblok-sync/internal/ui/view_browse.go:107.25,108.45 1 1
storyblok-sync/internal/ui/view_browse.go:108.45,110.5 1 1
storyblok-sync/internal/ui/view_browse.go:110.10,110.51 1 1
storyblok-sync/internal/ui/view_browse.go:110.51,112.5 1 1
storyblok-sync/internal/ui/view_browse.go:115.3,115.45 1 1
storyblok-sync/internal/ui/view_browse.go:118.2,119.19 2 1
storyblok-sync/internal/ui/view_browse.go:122.44,125.41 3 0
storyblok-sync/internal/ui/view_browse.go:125.41,126.8 1 0
storyblok-sync/internal/ui/view_browse.go:126.8,128.4 1 0
storyblok-sync/internal/ui/view_browse.go:132.2,133.33 2 0
storyblok-sync/internal/ui/view_browse.go:133.33,135.3 1 0
storyblok-sync/internal/ui/view_browse.go:136.2,142.3 2 0
storyblok-sync/internal/ui/view_browse.go:145.39,147.16 2 1
storyblok-sync/internal/ui/view_browse.go:147.16,149.3 1 0
storyblok-sync/internal/ui/view_browse.go:150.2,151.59 2 1
storyblok-sync/internal/ui/view_browse.go:154.42,155.9 1 1
storyblok-sync/internal/ui/view_browse.go:156.19,157.22 1 1
storyblok-sync/internal/ui/view_browse.go:158.22,159.20 1 0
storyblok-sync/internal/ui/view_browse.go:160.10,161.21 1 1
storyblok-sync/internal/ui/view_main.go:9.30,10.26 1 0
storyblok-sync/internal/ui/view_main.go:10.26,12.3 1 0
storyblok-sync/internal/ui/view_main.go:14.2,18.17 3 0
storyblok-sync/internal/ui/view_main.go:19.63,22.84 3 0
storyblok-sync/internal/ui/view_main.go:23.10,26.18 2 0
storyblok-sync/internal/ui/view_main.go:27.21,28.34 1 0
storyblok-sync/internal/ui/view_main.go:29.25,30.38 1 0
storyblok-sync/internal/ui/view_main.go:31.24,32.37 1 0
storyblok-sync/internal/ui/view_main.go:33.25,34.38 1 0
storyblok-sync/internal/ui/view_main.go:35.22,36.35 1 0
storyblok-sync/internal/ui/view_main.go:38.3,38.74 1 0
storyblok-sync/internal/ui/view_main.go:42.38,49.2 6 0
storyblok-sync/internal/ui/view_main.go:51.38,52.17 1 0
storyblok-sync/internal/ui/view_main.go:53.23,54.32 1 0
storyblok-sync/internal/ui/view_main.go:55.22,56.35 1 0
storyblok-sync/internal/ui/view_main.go:57.17,58.30 1 0
storyblok-sync/internal/ui/view_main.go:59.19,60.32 1 0
storyblok-sync/internal/ui/view_main.go:61.10,62.12 1 0
storyblok-sync/internal/ui/view_main.go:66.43,67.17 1 0
storyblok-sync/internal/ui/view_main.go:68.23,69.32 1 0
storyblok-sync/internal/ui/view_main.go:70.22,71.35 1 0
storyblok-sync/internal/ui/view_main.go:72.17,73.30 1 0
storyblok-sync/internal/ui/view_main.go:74.19,75.32 1 0
storyblok-sync/internal/ui/view_main.go:76.10,77.12 1 0
storyblok-sync/internal/ui/view_main.go:81.41,82.17 1 1
storyblok-sync/internal/ui/view_main.go:83.23,84.27 1 1
storyblok-sync/internal/ui/view_main.go:85.22,86.30 1 1
storyblok-sync/internal/ui/view_main.go:87.17,88.25 1 0
storyblok-sync/internal/ui/view_main.go:89.19,90.27 1 0
storyblok-sync/internal/ui/view_main.go:94.47,96.2 1 0
storyblok-sync/internal/ui/view_main.go:98.24,99.11 1 0
storyblok-sync/internal/ui/view_main.go:99.11,101.3 1 0
storyblok-sync/internal/ui/view_main.go:102.2,102.10 1 0
storyblok-sync/internal/ui/view_preflight.go:11.39,15.39 4 1
storyblok-sync/internal/ui/view_preflight.go:15.39,16.19 1 1
storyblok-sync/internal/ui/view_preflight.go:16.19,18.4 1 0
storyblok-sync/internal/ui/view_preflight.go:20.2,21.16 2 1
storyblok-sync/internal/ui/view_preflight.go:21.16,23.3 1 0
storyblok-sync/internal/ui/view_preflight.go:23.8,26.40 3 1
storyblok-sync/internal/ui/view_preflight.go:26.40,29.4 2 1
storyblok-sync/internal/ui/view_preflight.go:30.3,30.40 1 1
storyblok-sync/internal/ui/view_preflight.go:30.40,32.32 2 1
storyblok-sync/internal/ui/view_preflight.go:32.32,33.52 1 0
storyblok-sync/internal/ui/view_preflight.go:33.52,35.14 2 0
storyblok-sync/internal/ui/view_preflight.go:38.4,38.18 1 1
storyblok-sync/internal/ui/view_preflight.go:40.3,41.50 2 1
storyblok-sync/internal/ui/view_preflight.go:41.50,43.4 1 0
storyblok-sync/internal/ui/view_preflight.go:44.3,44.40 1 1
storyblok-sync/internal/ui/view_preflight.go:44.40,45.23 1 1
storyblok-sync/internal/ui/view_preflight.go:45.23,46.10 1 0
storyblok-sync/internal/ui/view_preflight.go:48.4,49.20 2 1
storyblok-sync/internal/ui/view_preflight.go:49.20,51.5 1 0
storyblok-sync/internal/ui/view_preflight.go:51.10,53.5 1 1
storyblok-sync/internal/ui/view_preflight.go:54.4,55.34 2 1
storyblok-sync/internal/ui/view_preflight.go:55.34,57.5 1 1
storyblok-sync/internal/ui/view_preflight.go:58.4,58.29 1 1
storyblok-sync/internal/ui/view_preflight.go:58.29,60.5 1 1
storyblok-sync/internal/ui/view_preflight.go:61.4,63.34 3 1
storyblok-sync/internal/ui/view_preflight.go:63.34,65.5 1 1
storyblok-sync/internal/ui/view_preflight.go:66.4,67.18 2 1
storyblok-sync/internal/ui/view_preflight.go:68.20,69.33 1 0
storyblok-sync/internal/ui/view_preflight.go:70.17,71.56 1 0
storyblok-sync/internal/ui/view_preflight.go:72.22,73.123 1 0
storyblok-sync/internal/ui/view_preflight.go:74.12,75.23 1 1
storyblok-sync/internal/ui/view_preflight.go:75.23,76.45 1 1
storyblok-sync/internal/ui/view_preflight.go:76.45,78.7 1 1
storyblok-sync/internal/ui/view_preflight.go:78.12,80.7 1 0
storyblok-sync/internal/ui/view_preflight.go:83.4,83.47 1 1
storyblok-sync/internal/ui/view_preflight.go:86.3,87.22 2 1
storyblok-sync/internal/ui/view_preflight.go:89.2,90.15 2 1
storyblok-sync/internal/ui/view_preflight.go:90.15,93.3 2 0
storyblok-sync/internal/ui/view_preflight.go:94.2,94.15 1 1
storyblok-sync/internal/ui/view_preflight.go:94.15,96.3 1 0
storyblok-sync/internal/ui/view_preflight.go:96.8,98.3 1 1
storyblok-sync/internal/ui/view_preflight.go:99.2,99.19 1 1
storyblok-sync/internal/ui/view_preflight.go:102.52,104.16 2 1
storyblok-sync/internal/ui/view_preflight.go:104.16,106.3 1 0
storyblok-sync/internal/ui/view_preflight.go:107.2,108.43 2 1
storyblok-sync/internal/ui/view_preflight.go:108.43,111.3 2 1
storyblok-sync/internal/ui/view_preflight.go:112.2,113.50 2 1
storyblok-sync/internal/ui/view_preflight.go:116.43,119.2 2 1
storyblok-sync/internal/ui/view_preflight.go:121.47,124.39 3 0
storyblok-sync/internal/ui/view_preflight.go:124.39,125.19 1 0
storyblok-sync/internal/ui/view_preflight.go:125.19,127.4 1 0
storyblok-sync/internal/ui/view_preflight.go:129.2,129.85 1 0
storyblok-sync/internal/ui/view_preflight.go:132.48,136.16 3 1
storyblok-sync/internal/ui/view_preflight.go:136.16,139.3 2 0
storyblok-sync/internal/ui/view_preflight.go:141.2,143.39 3 1
storyblok-sync/internal/ui/view_preflight.go:143.39,146.3 2 1
storyblok-sync/internal/ui/view_preflight.go:147.2,147.39 1 1
storyblok-sync/internal/ui/view_preflight.go:147.39,149.31 2 1
storyblok-sync/internal/ui/view_preflight.go:149.31,150.51 1 1
storyblok-sync/internal/ui/view_preflight.go:150.51,152.13 2 1
storyblok-sync/internal/ui/view_preflight.go:155.3,155.17 1 1
storyblok-sync/internal/ui/view_preflight.go:157.2,158.49 2 1
storyblok-sync/internal/ui/view_preflight.go:158.49,160.3 1 0
storyblok-sync/internal/ui/view_preflight.go:161.2,161.39 1 1
storyblok-sync/internal/ui/view_preflight.go:161.39,162.22 1 1
storyblok-sync/internal/ui/view_preflight.go:162.22,163.9 1 0
storyblok-sync/internal/ui/view_preflight.go:165.3,166.19 2 1
storyblok-sync/internal/ui/view_preflight.go:166.19,168.4 1 1
storyblok-sync/internal/ui/view_preflight.go:168.9,170.4 1 1
storyblok-sync/internal/ui/view_preflight.go:171.3,172.33 2 1
storyblok-sync/internal/ui/view_preflight.go:172.33,174.4 1 1
storyblok-sync/internal/ui/view_preflight.go:175.3,175.28 1 1
storyblok-sync/internal/ui/view_preflight.go:175.28,177.4 1 1
storyblok-sync/internal/ui/view_preflight.go:178.3,180.33 3 1
storyblok-sync/internal/ui/view_preflight.go:180.33,182.4 1 1
storyblok-sync/internal/ui/view_preflight.go:183.3,184.17 2 1
storyblok-sync/internal/ui/view_preflight.go:185.19,186.32 1 0
storyblok-sync/internal/ui/view_preflight.go:187.16,188.55 1 0
storyblok-sync/internal/ui/view_preflight.go:189.21,190.122 1 0
storyblok-sync/internal/ui/view_preflight.go:191.11,192.22 1 1
storyblok-sync/internal/ui/view_preflight.go:192.22,193.44 1 1
storyblok-sync/internal/ui/view_preflight.go:193.44,195.6 1 1
storyblok-sync/internal/ui/view_preflight.go:195.11,197.6 1 0
storyblok-sync/internal/ui/view_preflight.go:200.3,200.46 1 1
storyblok-sync/internal/ui/view_preflight.go:202.2,203.19 2 1
storyblok-sync/internal/ui/view_preflight.go:206.47,208.15 2 0
storyblok-sync/internal/ui/view_preflight.go:208.15,210.3 1 0
storyblok-sync/internal/ui/view_preflight.go:212.2,213.15 2 0
storyblok-sync/internal/ui/view_preflight.go:213.15,215.3 1 0
storyblok-sync/internal/ui/view_preflight.go:215.8,217.3 1 0
storyblok-sync/internal/ui/view_preflight.go:219.2,219.43 1 0
storyblok-sync/internal/ui/view_preflight.go:222.52,223.16 1 0
storyblok-sync/internal/ui/view_preflight.go:223.16,225.3 1 0
storyblok-sync/internal/ui/view_preflight.go:226.2,226.16 1 0
storyblok-sync/internal/ui/view_preflight.go:226.16,228.3 1 0
storyblok-sync/internal/ui/view_preflight.go:229.2,230.20 2 0
storyblok-sync/internal/ui/view_preflight.go:230.20,232.3 1 0
storyblok-sync/internal/ui/view_preflight.go:233.2,233.116 1 0
storyblok-sync/internal/ui/view_report.go:10.36,33.34 11 0
storyblok-sync/internal/ui/view_report.go:33.34,35.3 1 0
storyblok-sync/internal/ui/view_report.go:36.2,36.34 1 0
storyblok-sync/internal/ui/view_report.go:36.34,38.3 1 0
storyblok-sync/internal/ui/view_report.go:39.2,45.32 4 0
storyblok-sync/internal/ui/view_report.go:45.32,47.3 1 0
storyblok-sync/internal/ui/view_report.go:47.8,50.42 2 0
storyblok-sync/internal/ui/view_report.go:50.42,51.24 1 0
storyblok-sync/internal/ui/view_report.go:52.19,53.41 1 0
storyblok-sync/internal/ui/view_report.go:54.19,55.39 1 0
storyblok-sync/internal/ui/view_report.go:56.19,57.39 1 0
storyblok-sync/internal/ui/view_report.go:62.3,62.24 1 0
storyblok-sync/internal/ui/view_report.go:62.24,64.35 2 0
storyblok-sync/internal/ui/view_report.go:64.35,68.5 2 0
storyblok-sync/internal/ui/view_report.go:69.4,69.23 1 0
storyblok-sync/internal/ui/view_report.go:73.3,73.24 1 0
storyblok-sync/internal/ui/view_report.go:73.24,75.35 2 0
storyblok-sync/internal/ui/view_report.go:75.35,79.5 2 0
storyblok-sync/internal/ui/view_report.go:80.4,80.23 1 0
storyblok-sync/internal/ui/view_report.go:84.3,84.25 1 0
storyblok-sync/internal/ui/view_report.go:84.25,86.27 2 0
storyblok-sync/internal/ui/view_report.go:86.27,88.5 1 0
storyblok-sync/internal/ui/view_report.go:89.4,92.17 3 0
storyblok-sync/internal/ui/view_report.go:92.17,94.5 1 0
storyblok-sync/internal/ui/view_report.go:95.4,95.44 1 0
storyblok-sync/internal/ui/view_report.go:95.44,99.63 4 0
storyblok-sync/internal/ui/view_report.go:99.63,101.6 1 0
storyblok-sync/internal/ui/view_report.go:102.5,103.53 1 0
storyblok-sync/internal/ui/view_report.go:108.2,111.34 2 0
storyblok-sync/internal/ui/view_report.go:111.34,113.3 1 0
storyblok-sync/internal/ui/view_report.go:113.8,115.3 1 0
storyblok-sync/internal/ui/view_report.go:117.2,117.19 1 0
storyblok-sync/internal/ui/view_report.go:120.40,123.2 2 0
storyblok-sync/internal/ui/view_report.go:125.44,129.2 2 0
storyblok-sync/internal/ui/view_report.go:131.45,148.34 8 0
storyblok-sync/internal/ui/view_report.go:148.34,150.3 1 0
storyblok-sync/internal/ui/view_report.go:151.2,151.34 1 0
storyblok-sync/internal/ui/view_report.go:151.34,153.3 1 0
storyblok-sync/internal/ui/view_report.go:154.2,160.32 4 0
storyblok-sync/internal/ui/view_report.go:160.32,162.3 1 0
storyblok-sync/internal/ui/view_report.go:162.8,165.42 2 0
storyblok-sync/internal/ui/view_report.go:165.42,166.24 1 0
storyblok-sync/internal/ui/view_report.go:167.19,168.41 1 0
storyblok-sync/internal/ui/view_report.go:169.19,170.39 1 0
storyblok-sync/internal/ui/view_report.go:171.19,172.39 1 0
storyblok-sync/internal/ui/view_report.go:177.3,177.24 1 0
storyblok-sync/internal/ui/view_report.go:177.24,179.35 2 0
storyblok-sync/internal/ui/view_report.go:179.35,183.5 2 0
storyblok-sync/internal/ui/view_report.go:184.4,184.23 1 0
storyblok-sync/internal/ui/view_report.go:188.3,188.24 1 0
storyblok-sync/internal/ui/view_report.go:188.24,190.35 2 0
storyblok-sync/internal/ui/view_report.go:190.35,194.5 2 0
storyblok-sync/internal/ui/view_report.go:195.4,195.23 1 0
storyblok-sync/internal/ui/view_report.go:199.3,199.25 1 0
storyblok-sync/internal/ui/view_report.go:199.25,201.27 2 0
storyblok-sync/internal/ui/view_report.go:201.27,203.5 1 0
storyblok-sync/internal/ui/view_report.go:204.4,207.17 3 0
storyblok-sync/internal/ui/view_report.go:207.17,209.5 1 0
storyblok-sync/internal/ui/view_report.go:210.4,210.44 1 0
storyblok-sync/internal/ui/view_report.go:210.44,214.63 4 0
storyblok-sync/internal/ui/view_report.go:214.63,216.6 1 0
storyblok-sync/internal/ui/view_report.go:217.5,218.53 1 0
storyblok-sync/internal/ui/view_report.go:223.2,223.19 1 0
storyblok-sync/internal/ui/view_report.go:226.44,228.34 2 0
storyblok-sync/internal/ui/view_report.go:228.34,230.3 1 0
storyblok-sync/internal/ui/view_report.go:230.8,232.3 1 0
storyblok-sync/internal/ui/view_report.go:233.2,233.35 1 0
storyblok-sync/internal/ui/view_setup.go:8.37,13.23 4 0
storyblok-sync/internal/ui/view_setup.go:13.23,15.3 1 0
storyblok-sync/internal/ui/view_setup.go:15.8,17.3 1 0
storyblok-sync/internal/ui/view_setup.go:19.2,19.15 1 0
storyblok-sync/internal/ui/view_setup.go:19.15,21.3 1 0
storyblok-sync/internal/ui/view_setup.go:23.2,23.23 1 0
storyblok-sync/internal/ui/view_setup.go:23.23,25.3 1 0
storyblok-sync/internal/ui/view_setup.go:27.2,36.44 4 0
storyblok-sync/internal/ui/view_setup.go:39.41,44.26 4 0
storyblok-sync/internal/ui/view_setup.go:44.26,46.3 1 0
storyblok-sync/internal/ui/view_setup.go:48.2,58.44 4 0
storyblok-sync/internal/ui/view_setup.go:61.40,73.2 5 0
storyblok-sync/internal/ui/view_setup.go:75.41,77.23 2 0
storyblok-sync/internal/ui/view_setup.go:77.23,79.3 1 0
storyblok-sync/internal/ui/view_setup.go:79.8,81.27 2 0
storyblok-sync/internal/ui/view_setup.go:81.27,84.4 2 0
storyblok-sync/internal/ui/view_setup.go:87.2,88.24 2 0
storyblok-sync/internal/ui/view_setup.go:88.24,90.3 1 0
storyblok-sync/internal/ui/view_setup.go:90.8,91.31 1 0
storyblok-sync/internal/ui/view_setup.go:91.31,95.28 3 0
storyblok-sync/internal/ui/view_setup.go:95.28,97.5 1 0
storyblok-sync/internal/ui/view_setup.go:97.10,99.5 1 0
storyblok-sync/internal/ui/view_setup.go:100.4,100.36 1 0
storyblok-sync/internal/ui/view_setup.go:105.2,113.34 5 0
storyblok-sync/internal/ui/view_setup.go:113.34,114.36 1 0
storyblok-sync/internal/ui/view_setup.go:114.36,116.4 1 0
storyblok-sync/internal/ui/view_setup.go:117.3,117.41 1 0
storyblok-sync/internal/ui/view_setup.go:120.2,120.51 1 0
storyblok-sync/internal/ui/view_setup.go:123.38,128.26 4 0
storyblok-sync/internal/ui/view_setup.go:128.26,130.3 1 0
storyblok-sync/internal/ui/view_setup.go:131.2,131.26 1 0
storyblok-sync/internal/ui/view_setup.go:131.26,133.3 1 0
storyblok-sync/internal/ui/view_setup.go:135.2,144.33 7 0
storyblok-sync/internal/ui/view_setup.go:144.33,146.3 1 0
storyblok-sync/internal/ui/view_setup.go:147.2,149.56 2 0
storyblok-sync/internal/ui/view_sync.go:10.42,20.41 7 0
storyblok-sync/internal/ui/view_sync.go:20.41,21.19 1 0
storyblok-sync/internal/ui/view_sync.go:22.16,23.15 1 0
storyblok-sync/internal/ui/view_sync.go:24.19,25.13 1 0
storyblok-sync/internal/ui/view_sync.go:26.21,27.15 1 0
storyblok-sync/internal/ui/view_sync.go:28.11,29.13 1 0
storyblok-sync/internal/ui/view_sync.go:34.2,35.17 2 0
storyblok-sync/internal/ui/view_sync.go:35.17,37.3 1 0
storyblok-sync/internal/ui/view_sync.go:38.2,38.19 1 0
storyblok-sync/internal/ui/view_sync.go:38.19,40.3 1 0
storyblok-sync/internal/ui/view_sync.go:41.2,41.17 1 0
storyblok-sync/internal/ui/view_sync.go:41.17,43.3 1 0
storyblok-sync/internal/ui/view_sync.go:45.2,50.41 4 0
storyblok-sync/internal/ui/view_sync.go:50.41,51.29 1 0
storyblok-sync/internal/ui/view_sync.go:51.29,54.9 3 0
storyblok-sync/internal/ui/view_sync.go:55.9,55.69 1 0
storyblok-sync/internal/ui/view_sync.go:55.69,59.9 3 0
storyblok-sync/internal/ui/view_sync.go:63.2,64.19 2 0
storyblok-sync/internal/ui/view_sync.go:67.42,69.15 2 0
storyblok-sync/internal/ui/view_sync.go:69.15,71.3 1 0
storyblok-sync/internal/ui/view_sync.go:73.2,73.54 1 0
storyblok-sync/internal/ui/view_sync.go:76.38,86.41 6 0
storyblok-sync/internal/ui/view_sync.go:86.41,87.19 1 0
storyblok-sync/internal/ui/view_sync.go:88.16,89.15 1 0
storyblok-sync/internal/ui/view_sync.go:90.19,91.13 1 0
storyblok-sync/internal/ui/view_sync.go:92.21,93.15 1 0
storyblok-sync/internal/ui/view_sync.go:98.2,105.41 6 0
storyblok-sync/internal/ui/view_sync.go:105.41,108.19 2 0
storyblok-sync/internal/ui/view_sync.go:108.19,110.4 1 0
storyblok-sync/internal/ui/view_sync.go:111.3,111.51 1 0
storyblok-sync/internal/ui/view_sync.go:111.51,113.4 1 0
storyblok-sync/internal/ui/view_sync.go:116.2,117.37 2 0
storyblok-sync/internal/ui/view_sync.go:117.37,119.3 1 0
storyblok-sync/internal/ui/view_sync.go:121.2,121.37 1 0
storyblok-sync/internal/ui/view_sync.go:121.37,127.29 4 0
storyblok-sync/internal/ui/view_sync.go:127.29,129.4 1 0
storyblok-sync/internal/ui/view_sync.go:132.3,138.28 3 0
storyblok-sync/internal/ui/view_sync.go:142.2,142.41 1 0
storyblok-sync/internal/ui/view_sync.go:142.41,148.3 4 0
storyblok-sync/internal/ui/view_sync.go:150.2,150.41 1 0
storyblok-sync/internal/ui/view_sync.go:153.81,154.18 1 0
storyblok-sync/internal/ui/view_sync.go:155.15,156.24 1 0
storyblok-sync/internal/ui/view_sync.go:157.18,158.26 1 0
storyblok-sync/internal/ui/view_sync.go:159.20,160.27 1 0
storyblok-sync/internal/ui/view_sync.go:161.10,162.28 1 0
storyblok-sync/internal/ui/view_sync.go:166.74,167.16 1 0
storyblok-sync/internal/ui/view_sync.go:167.16,169.3 1 0
storyblok-sync/internal/ui/view_sync.go:171.2,181.38 8 0
storyblok-sync/internal/ui/view_sync.go:181.38,183.3 1 0
storyblok-sync/internal/ui/view_sync.go:186.2,186.38 1 0
storyblok-sync/internal/ui/view_sync.go:186.38,188.3 1 0
storyblok-sync/internal/ui/view_sync.go:191.2,192.33 2 0
storyblok-sync/internal/ui/view_sync.go:192.33,194.3 1 0
storyblok-sync/internal/ui/view_sync.go:196.2,200.19 3 0
storyblok-sync/internal/ui/view_sync.go:200.19,202.3 1 0
storyblok-sync/internal/ui/view_sync.go:203.2,208.40 3 0
storyblok-sync/cmd/sbsync/main.go:16.13,21.33 2 0
storyblok-sync/cmd/sbsync/main.go:21.33,24.17 2 0
storyblok-sync/cmd/sbsync/main.go:24.17,27.4 2 0
storyblok-sync/cmd/sbsync/main.go:28.3,32.17 3 0
storyblok-sync/cmd/sbsync/main.go:32.17,35.4 2 0
storyblok-sync/cmd/sbsync/main.go:36.3,39.78 3 0
storyblok-sync/cmd/sbsync/main.go:40.8,43.3 1 0
storyblok-sync/cmd/sbsync/main.go:45.2,48.22 1 0
storyblok-sync/cmd/sbsync/main.go:48.22,51.3 2 0
storyblok-sync/cmd/sbsync/main.go:55.27,57.51 1 0
storyblok-sync/cmd/sbsync/main.go:57.51,58.33 1 0
storyblok-sync/cmd/sbsync/main.go:58.33,60.101 1 0
storyblok-sync/cmd/sbsync/main.go:60.101,62.81 1 0
storyblok-sync/cmd/sbsync/main.go:62.81,66.40 2 0
storyblok-sync/cmd/sbsync/main.go:66.40,68.7 1 0
storyblok-sync/internal/ui/sync/api_adapters.go:17.45,21.2 1 0
storyblok-sync/internal/ui/sync/api_adapters.go:24.36,25.16 1 0
storyblok-sync/internal/ui/sync/api_adapters.go:25.16,27.3 1 0
storyblok-sync/internal/ui/sync/api_adapters.go:28.2,29.82 2 0
storyblok-sync/internal/ui/sync/api_adapters.go:33.44,34.16 1 0
storyblok-sync/internal/ui/sync/api_adapters.go:34.16,36.3 1 0
storyblok-sync/internal/ui/sync/api_adapters.go:37.2,40.42 2 0
storyblok-sync/internal/ui/sync/api_adapters.go:44.133,46.57 2 0
storyblok-sync/internal/ui/sync/api_adapters.go:46.57,50.3 2 0
storyblok-sync/internal/ui/sync/api_adapters.go:51.2,51.21 1 0
storyblok-sync/internal/ui/sync/api_adapters.go:55.133,57.57 2 0
storyblok-sync/internal/ui/sync/api_adapters.go:57.57,61.3 2 0
storyblok-sync/internal/ui/sync/api_adapters.go:62.2,62.21 1 0
storyblok-sync/internal/ui/sync/api_adapters.go:66.151,71.27 4 0
storyblok-sync/internal/ui/sync/api_adapters.go:71.27,76.3 3 0
storyblok-sync/internal/ui/sync/api_adapters.go:76.8,81.3 3 0
storyblok-sync/internal/ui/sync/api_adapters.go:83.2,83.31 1 0
storyblok-sync/internal/ui/sync/bulk_operations.go:21.105,28.2 1 0
storyblok-sync/internal/ui/sync/bulk_operations.go:31.57,44.28 5 0
storyblok-sync/internal/ui/sync/bulk_operations.go:44.28,46.18 2 0
storyblok-sync/internal/ui/sync/bulk_operations.go:46.18,48.4 1 0
storyblok-sync/internal/ui/sync/bulk_operations.go:48.9,50.4 1 0
storyblok-sync/internal/ui/sync/bulk_operations.go:52.3,52.17 1 0
storyblok-sync/internal/ui/sync/bulk_operations.go:52.17,54.4 1 0
storyblok-sync/internal/ui/sync/bulk_operations.go:57.2,58.12 2 0
storyblok-sync/internal/ui/sync/bulk_operations.go:62.84,79.28 8 0
storyblok-sync/internal/ui/sync/bulk_operations.go:79.28,83.18 3 0
storyblok-sync/internal/ui/sync/bulk_operations.go:83.18,85.4 1 0
storyblok-sync/internal/ui/sync/bulk_operations.go:85.9,87.4 1 0
storyblok-sync/internal/ui/sync/bulk_operations.go:89.3,89.17 1 0
storyblok-sync/internal/ui/sync/bulk_operations.go:89.17,91.4 1 0
storyblok-sync/internal/ui/sync/bulk_operations.go:93.3,93.20 1 0
storyblok-sync/internal/ui/sync/bulk_operations.go:93.20,94.43 1 0
storyblok-sync/internal/ui/sync/bulk_operations.go:94.43,96.5 1 0
storyblok-sync/internal/ui/sync/bulk_operations.go:96.10,96.50 1 0
storyblok-sync/internal/ui/sync/bulk_operations.go:96.50,98.5 1 0
storyblok-sync/internal/ui/sync/bulk_operations.go:100.4,100.28 1 0
storyblok-sync/internal/ui/sync/bulk_operations.go:100.28,102.5 1 0
storyblok-sync/internal/ui/sync/bulk_operations.go:106.2,108.23 3 0
storyblok-sync/internal/ui/sync/bulk_operations.go:108.23,110.3 1 0
storyblok-sync/internal/ui/sync/bulk_operations.go:112.2,116.8 2 0
storyblok-sync/internal/ui/sync/bulk_operations.go:120.68,122.38 2 0
storyblok-sync/internal/ui/sync/bulk_operations.go:122.38,123.70 1 0
storyblok-sync/internal/ui/sync/bulk_operations.go:123.70,125.4 1 0
storyblok-sync/internal/ui/sync/bulk_operations.go:127.2,127.15 1 0
storyblok-sync/internal/ui/sync/bulk_operations.go:131.62,132.42 1 0
storyblok-sync/internal/ui/sync/bulk_operations.go:132.42,136.42 2 0
storyblok-sync/internal/ui/sync/bulk_operations.go:136.42,138.4 1 0
storyblok-sync/internal/ui/sync/bulk_operations.go:139.3,139.42 1 0
storyblok-sync/internal/ui/sync/bulk_operations.go:139.42,141.4 1 0
storyblok-sync/internal/ui/sync/bulk_operations.go:144.3,147.23 3 0
storyblok-sync/internal/ui/sync/bulk_operations.go:147.23,149.4 1 0
storyblok-sync/internal/ui/sync/bulk_operations.go:151.3,151.43 1 0
storyblok-sync/internal/ui/sync/bulk_operations.go:156.64,157.35 1 0
storyblok-sync/internal/ui/sync/bulk_operations.go:157.35,158.30 1 0
storyblok-sync/internal/ui/sync/bulk_operations.go:158.30,160.4 1 0
storyblok-sync/internal/ui/sync/bulk_operations.go:162.2,162.11 1 0
storyblok-sync/internal/ui/sync/bulk_operations.go:166.77,167.35 1 0
storyblok-sync/internal/ui/sync/bulk_operations.go:167.35,168.30 1 0
storyblok-sync/internal/ui/sync/bulk_operations.go:168.30,170.4 1 0
storyblok-sync/internal/ui/sync/bulk_operations.go:172.2,172.26 1 0
storyblok-sync/internal/ui/sync/bulk_operations.go:176.49,178.35 2 0
storyblok-sync/internal/ui/sync/bulk_operations.go:178.35,179.18 1 0
storyblok-sync/internal/ui/sync/bulk_operations.go:179.18,181.4 1 0
storyblok-sync/internal/ui/sync/bulk_operations.go:183.2,183.16 1 0
storyblok-sync/internal/ui/sync/content_manager.go:24.68,31.2 1 0
storyblok-sync/internal/ui/sync/content_manager.go:34.96,36.26 1 0
storyblok-sync/internal/ui/sync/content_manager.go:36.26,38.3 1 0
storyblok-sync/internal/ui/sync/content_manager.go:41.2,41.75 1 0
storyblok-sync/internal/ui/sync/content_manager.go:41.75,44.3 2 0
storyblok-sync/internal/ui/sync/content_manager.go:47.2,48.16 2 0
storyblok-sync/internal/ui/sync/content_manager.go:48.16,50.3 1 0
storyblok-sync/internal/ui/sync/content_manager.go:53.2,53.30 1 0
storyblok-sync/internal/ui/sync/content_manager.go:53.30,55.3 1 0
storyblok-sync/internal/ui/sync/content_manager.go:55.8,57.3 1 0
storyblok-sync/internal/ui/sync/content_manager.go:60.2,61.19 2 0
storyblok-sync/internal/ui/sync/content_manager.go:65.54,67.33 1 0
storyblok-sync/internal/ui/sync/content_manager.go:67.33,71.28 2 0
storyblok-sync/internal/ui/sync/content_manager.go:71.28,72.20 1 0
storyblok-sync/internal/ui/sync/content_manager.go:72.20,73.10 1 0
storyblok-sync/internal/ui/sync/content_manager.go:75.4,76.11 2 0
storyblok-sync/internal/ui/sync/content_manager.go:79.2,79.28 1 0
storyblok-sync/internal/ui/sync/content_manager.go:83.60,85.2 1 0
storyblok-sync/internal/ui/sync/content_manager.go:88.40,90.2 1 0
storyblok-sync/internal/ui/sync/folder_builder.go:42.144,45.38 2 0
storyblok-sync/internal/ui/sync/folder_builder.go:45.38,47.3 1 0
storyblok-sync/internal/ui/sync/folder_builder.go:49.2,57.3 1 0
storyblok-sync/internal/ui/sync/folder_builder.go:61.104,63.16 2 0
storyblok-sync/internal/ui/sync/folder_builder.go:63.16,65.3 1 0
storyblok-sync/internal/ui/sync/folder_builder.go:67.2,67.24 1 0
storyblok-sync/internal/ui/sync/folder_builder.go:67.24,69.3 1 0
storyblok-sync/internal/ui/sync/folder_builder.go:71.2,73.21 3 0
storyblok-sync/internal/ui/sync/folder_builder.go:77.118,79.13 2 0
storyblok-sync/internal/ui/sync/folder_builder.go:79.13,81.3 1 0
storyblok-sync/internal/ui/sync/folder_builder.go:84.2,85.16 2 0
storyblok-sync/internal/ui/sync/folder_builder.go:85.16,88.3 2 0
storyblok-sync/internal/ui/sync/folder_builder.go:91.2,95.20 4 0
storyblok-sync/internal/ui/sync/folder_builder.go:99.100,103.16 3 0
storyblok-sync/internal/ui/sync/folder_builder.go:103.16,106.3 2 0
storyblok-sync/internal/ui/sync/folder_builder.go:108.2,109.21 2 0
storyblok-sync/internal/ui/sync/folder_builder.go:113.81,115.21 2 0
storyblok-sync/internal/ui/sync/folder_builder.go:115.21,117.3 1 0
storyblok-sync/internal/ui/sync/folder_builder.go:119.2,123.36 3 0
storyblok-sync/internal/ui/sync/folder_builder.go:123.36,132.17 5 0
storyblok-sync/internal/ui/sync/folder_builder.go:132.17,134.4 1 0
storyblok-sync/internal/ui/sync/folder_builder.go:136.3,136.22 1 0
storyblok-sync/internal/ui/sync/folder_builder.go:136.22,139.12 2 0
storyblok-sync/internal/ui/sync/folder_builder.go:143.3,147.17 4 0
storyblok-sync/internal/ui/sync/folder_builder.go:147.17,149.4 1 0
storyblok-sync/internal/ui/sync/folder_builder.go:152.3,156.17 4 0
storyblok-sync/internal/ui/sync/folder_builder.go:156.17,158.4 1 0
storyblok-sync/internal/ui/sync/folder_builder.go:160.3,164.24 3 0
storyblok-sync/internal/ui/sync/folder_builder.go:164.24,166.4 1 0
storyblok-sync/internal/ui/sync/folder_builder.go:169.2,169.21 1 0
storyblok-sync/internal/ui/sync/folder_builder.go:173.160,176.2 2 0
storyblok-sync/internal/ui/sync/operations.go:23.91,30.2 1 0
storyblok-sync/internal/ui/sync/operations.go:33.95,34.24 1 0
storyblok-sync/internal/ui/sync/operations.go:34.24,36.10 1 0
storyblok-sync/internal/ui/sync/operations.go:37.21,38.53 1 0
storyblok-sync/internal/ui/sync/operations.go:39.11,39.11 0 0
storyblok-sync/internal/ui/sync/operations.go:42.3,54.4 4 0
storyblok-sync/internal/ui/sync/operations.go:59.71,61.43 2 0
storyblok-sync/internal/ui/sync/operations.go:61.43,63.17 2 0
storyblok-sync/internal/ui/sync/operations.go:63.17,65.4 1 0
storyblok-sync/internal/ui/sync/operations.go:67.3,71.18 3 0
storyblok-sync/internal/ui/sync/operations.go:71.18,75.4 3 0
storyblok-sync/internal/ui/sync/operations.go:75.9,77.4 1 0
storyblok-sync/internal/ui/sync/operations.go:80.3,80.25 1 0
storyblok-sync/internal/ui/sync/operations.go:80.25,84.12 4 0
storyblok-sync/internal/ui/sync/operations.go:88.3,88.18 1 0
storyblok-sync/internal/ui/sync/operations.go:88.18,90.4 1 0
storyblok-sync/internal/ui/sync/operations.go:92.2,92.16 1 0
storyblok-sync/internal/ui/sync/operations.go:96.85,97.24 1 0
storyblok-sync/internal/ui/sync/operations.go:97.24,99.3 1 0
storyblok-sync/internal/ui/sync/operations.go:100.2,100.31 1 0
storyblok-sync/internal/ui/sync/operations.go:104.48,105.62 1 0
storyblok-sync/internal/ui/sync/operations.go:105.62,107.3 1 0
storyblok-sync/internal/ui/sync/operations.go:108.2,108.13 1 0
storyblok-sync/internal/ui/sync/orchestrator.go:46.117,54.2 1 0
storyblok-sync/internal/ui/sync/orchestrator.go:57.94,58.24 1 0
storyblok-sync/internal/ui/sync/orchestrator.go:58.24,60.10 1 0
storyblok-sync/internal/ui/sync/orchestrator.go:61.21,62.53 1 0
storyblok-sync/internal/ui/sync/orchestrator.go:63.11,63.11 0 0
storyblok-sync/internal/ui/sync/orchestrator.go:66.3,74.10 6 0
storyblok-sync/internal/ui/sync/orchestrator.go:75.28,76.40 1 0
storyblok-sync/internal/ui/sync/orchestrator.go:76.40,80.5 3 0
storyblok-sync/internal/ui/sync/orchestrator.go:81.24,82.40 1 0
storyblok-sync/internal/ui/sync/orchestrator.go:82.40,86.5 3 0
storyblok-sync/internal/ui/sync/orchestrator.go:87.11,88.40 1 0
storyblok-sync/internal/ui/sync/orchestrator.go:88.40,92.5 3 0
storyblok-sync/internal/ui/sync/orchestrator.go:95.3,98.17 2 0
storyblok-sync/internal/ui/sync/orchestrator.go:98.17,100.4 1 0
storyblok-sync/internal/ui/sync/orchestrator.go:100.9,100.27 1 0
storyblok-sync/internal/ui/sync/orchestrator.go:100.27,101.28 1 0
storyblok-sync/internal/ui/sync/orchestrator.go:101.28,103.5 1 0
storyblok-sync/internal/ui/sync/orchestrator.go:103.10,105.5 1 0
storyblok-sync/internal/ui/sync/orchestrator.go:106.4,106.37 1 0
storyblok-sync/internal/ui/sync/orchestrator.go:107.9,110.4 2 0
storyblok-sync/internal/ui/sync/orchestrator.go:112.3,112.81 1 0
storyblok-sync/internal/ui/sync/orchestrator.go:117.73,119.43 2 0
storyblok-sync/internal/ui/sync/orchestrator.go:119.43,121.17 2 0
storyblok-sync/internal/ui/sync/orchestrator.go:121.17,123.4 1 0
storyblok-sync/internal/ui/sync/orchestrator.go:125.3,129.18 3 0
storyblok-sync/internal/ui/sync/orchestrator.go:129.18,133.4 3 0
storyblok-sync/internal/ui/sync/orchestrator.go:133.9,135.4 1 0
storyblok-sync/internal/ui/sync/orchestrator.go:138.3,138.25 1 0
storyblok-sync/internal/ui/sync/orchestrator.go:138.25,142.12 4 0
storyblok-sync/internal/ui/sync/orchestrator.go:146.3,146.18 1 0
storyblok-sync/internal/ui/sync/orchestrator.go:146.18,148.4 1 0
storyblok-sync/internal/ui/sync/orchestrator.go:150.2,150.16 1 0
storyblok-sync/internal/ui/sync/orchestrator.go:154.87,155.24 1 0
storyblok-sync/internal/ui/sync/orchestrator.go:155.24,157.3 1 0
storyblok-sync/internal/ui/sync/orchestrator.go:158.2,158.31 1 0
storyblok-sync/internal/ui/sync/orchestrator.go:162.50,163.62 1 0
storyblok-sync/internal/ui/sync/orchestrator.go:163.62,165.3 1 0
storyblok-sync/internal/ui/sync/orchestrator.go:166.2,166.13 1 0
storyblok-sync/internal/ui/sync/orchestrator.go:170.92,178.2 1 0
storyblok-sync/internal/ui/sync/orchestrator.go:181.89,184.2 2 0
storyblok-sync/internal/ui/sync/orchestrator.go:187.88,190.2 2 0
storyblok-sync/internal/ui/sync/preflight.go:44.85,49.2 1 0
storyblok-sync/internal/ui/sync/preflight.go:52.86,57.23 3 0
storyblok-sync/internal/ui/sync/preflight.go:57.23,59.14 2 0
storyblok-sync/internal/ui/sync/preflight.go:59.14,60.12 1 0
storyblok-sync/internal/ui/sync/preflight.go:62.3,62.47 1 0
storyblok-sync/internal/ui/sync/preflight.go:62.47,64.12 2 0
storyblok-sync/internal/ui/sync/preflight.go:66.3,66.35 1 0
storyblok-sync/internal/ui/sync/preflight.go:70.2,71.27 2 0
storyblok-sync/internal/ui/sync/preflight.go:71.27,72.14 1 0
storyblok-sync/internal/ui/sync/preflight.go:72.14,73.12 1 0
storyblok-sync/internal/ui/sync/preflight.go:75.3,76.36 2 0
storyblok-sync/internal/ui/sync/preflight.go:80.2,85.33 4 0
storyblok-sync/internal/ui/sync/preflight.go:85.33,87.3 1 0
storyblok-sync/internal/ui/sync/preflight.go:90.2,90.40 1 0
storyblok-sync/internal/ui/sync/preflight.go:90.40,92.37 1 0
storyblok-sync/internal/ui/sync/preflight.go:92.37,94.12 2 0
storyblok-sync/internal/ui/sync/preflight.go:98.3,108.83 4 0
storyblok-sync/internal/ui/sync/preflight.go:112.2,112.44 1 0
storyblok-sync/internal/ui/sync/preflight.go:112.44,116.52 2 0
storyblok-sync/internal/ui/sync/preflight.go:116.52,118.4 1 0
storyblok-sync/internal/ui/sync/preflight.go:119.3,119.52 1 0
storyblok-sync/internal/ui/sync/preflight.go:119.52,121.4 1 0
storyblok-sync/internal/ui/sync/preflight.go:124.3,127.23 3 0
storyblok-sync/internal/ui/sync/preflight.go:127.23,129.4 1 0
storyblok-sync/internal/ui/sync/preflight.go:132.3,132.53 1 0
storyblok-sync/internal/ui/sync/preflight.go:136.2,139.18 2 0
storyblok-sync/internal/ui/sync/preflight.go:143.86,150.29 3 0
storyblok-sync/internal/ui/sync/preflight.go:150.29,154.36 2 0
storyblok-sync/internal/ui/sync/preflight.go:154.36,156.51 1 0
storyblok-sync/internal/ui/sync/preflight.go:156.51,158.5 1 0
storyblok-sync/internal/ui/sync/preflight.go:163.2,165.41 3 0
storyblok-sync/internal/ui/sync/preflight.go:165.41,167.3 1 0
storyblok-sync/internal/ui/sync/preflight.go:169.2,169.33 1 0
storyblok-sync/internal/ui/sync/preflight.go:169.33,170.67 1 0
storyblok-sync/internal/ui/sync/preflight.go:170.67,173.4 2 0
storyblok-sync/internal/ui/sync/preflight.go:176.2,176.23 1 0
storyblok-sync/internal/ui/sync/preflight.go:180.72,182.41 2 0
storyblok-sync/internal/ui/sync/preflight.go:182.41,183.21 1 0
storyblok-sync/internal/ui/sync/preflight.go:183.21,185.4 1 0
storyblok-sync/internal/ui/sync/preflight.go:187.2,187.18 1 0
storyblok-sync/internal/ui/sync/preflight.go:191.88,192.43 1 0
storyblok-sync/internal/ui/sync/preflight.go:192.43,194.3 1 0
storyblok-sync/internal/ui/sync/preflight.go:197.2,198.49 2 0
storyblok-sync/internal/ui/sync/preflight.go:198.49,204.3 1 0
storyblok-sync/internal/ui/sync/preflight.go:207.2,207.30 1 0
storyblok-sync/internal/ui/sync/preflight.go:207.30,209.45 2 0
storyblok-sync/internal/ui/sync/preflight.go:209.45,210.35 1 0
storyblok-sync/internal/ui/sync/preflight.go:210.35,211.62 1 0
storyblok-sync/internal/ui/sync/preflight.go:211.62,212.52 1 0
storyblok-sync/internal/ui/sync/preflight.go:212.52,214.12 2 0
storyblok-sync/internal/ui/sync/preflight.go:222.2,225.20 3 0
storyblok-sync/internal/ui/sync/preflight.go:229.37,231.20 2 0
storyblok-sync/internal/ui/sync/preflight.go:231.20,233.3 1 0
storyblok-sync/internal/ui/sync/preflight.go:234.2,234.24 1 0
storyblok-sync/internal/ui/sync/preflight.go:238.38,239.20 1 0
storyblok-sync/internal/ui/sync/preflight.go:239.20,241.3 1 0
storyblok-sync/internal/ui/sync/preflight.go:242.2,242.16 1 0
storyblok-sync/internal/ui/sync/story_sync.go:20.81,27.2 1 0
storyblok-sync/internal/ui/sync/story_sync.go:30.109,35.16 3 0
storyblok-sync/internal/ui/sync/story_sync.go:35.16,37.3 1 0
storyblok-sync/internal/ui/sync/story_sync.go:40.2,44.16 3 0
storyblok-sync/internal/ui/sync/story_sync.go:44.16,46.3 1 0
storyblok-sync/internal/ui/sync/story_sync.go:49.2,54.23 3 0
storyblok-sync/internal/ui/sync/story_sync.go:54.23,60.17 4 0
storyblok-sync/internal/ui/sync/story_sync.go:60.17,62.4 1 0
storyblok-sync/internal/ui/sync/story_sync.go:65.3,65.61 1 0
storyblok-sync/internal/ui/sync/story_sync.go:65.61,66.100 1 0
storyblok-sync/internal/ui/sync/story_sync.go:66.100,68.5 1 0
storyblok-sync/internal/ui/sync/story_sync.go:71.3,72.22 2 0
storyblok-sync/internal/ui/sync/story_sync.go:73.8,78.17 3 0
storyblok-sync/internal/ui/sync/story_sync.go:78.17,80.4 1 0
storyblok-sync/internal/ui/sync/story_sync.go:82.3,83.22 2 0
storyblok-sync/internal/ui/sync/story_sync.go:88.111,93.16 3 0
storyblok-sync/internal/ui/sync/story_sync.go:93.16,96.32 2 0
storyblok-sync/internal/ui/sync/story_sync.go:96.32,98.4 1 0
storyblok-sync/internal/ui/sync/story_sync.go:102.2,107.16 3 0
storyblok-sync/internal/ui/sync/story_sync.go:107.16,109.3 1 0
storyblok-sync/internal/ui/sync/story_sync.go:112.2,117.23 3 0
storyblok-sync/internal/ui/sync/story_sync.go:117.23,123.17 4 0
storyblok-sync/internal/ui/sync/story_sync.go:123.17,125.4 1 0
storyblok-sync/internal/ui/sync/story_sync.go:128.3,128.63 1 0
storyblok-sync/internal/ui/sync/story_sync.go:128.63,129.101 1 0
storyblok-sync/internal/ui/sync/story_sync.go:129.101,131.5 1 0
storyblok-sync/internal/ui/sync/story_sync.go:134.3,135.22 2 0
storyblok-sync/internal/ui/sync/story_sync.go:136.8,141.59 2 0
storyblok-sync/internal/ui/sync/story_sync.go:141.59,143.4 1 0
storyblok-sync/internal/ui/sync/story_sync.go:145.3,146.17 2 0
storyblok-sync/internal/ui/sync/story_sync.go:146.17,148.4 1 0
storyblok-sync/internal/ui/sync/story_sync.go:150.3,151.22 2 0
storyblok-sync/internal/ui/sync/story_sync.go:156.103,161.16 4 0
storyblok-sync/internal/ui/sync/story_sync.go:161.16,163.3 1 0
storyblok-sync/internal/ui/sync/story_sync.go:166.2,168.23 3 0
storyblok-sync/internal/ui/sync/story_sync.go:168.23,170.3 1 0
storyblok-sync/internal/ui/sync/story_sync.go:172.2,176.8 1 0
storyblok-sync/internal/ui/sync/story_sync.go:180.105,185.16 4 0
storyblok-sync/internal/ui/sync/story_sync.go:185.16,187.3 1 0
storyblok-sync/internal/ui/sync/story_sync.go:190.2,192.23 3 0
storyblok-sync/internal/ui/sync/story_sync.go:192.23,194.3 1 0
storyblok-sync/internal/ui/sync/story_sync.go:196.2,200.8 1 0
storyblok-sync/internal/ui/sync/story_sync.go:204.90,205.27 1 0
storyblok-sync/internal/ui/sync/story_sync.go:205.27,207.3 1 0
storyblok-sync/internal/ui/sync/story_sync.go:209.2,210.25 2 0
storyblok-sync/internal/ui/sync/story_sync.go:210.25,213.3 2 0
storyblok-sync/internal/ui/sync/story_sync.go:215.2,216.16 2 0
storyblok-sync/internal/ui/sync/story_sync.go:216.16,219.3 2 0
storyblok-sync/internal/ui/sync/story_sync.go:221.2,221.28 1 0
storyblok-sync/internal/ui/sync/story_sync.go:221.28,223.3 1 0
storyblok-sync/internal/ui/sync/story_sync.go:223.8,226.3 2 0
storyblok-sync/internal/ui/sync/story_sync.go:228.2,228.14 1 0
storyblok-sync/internal/ui/sync/utils.go:20.55,25.2 4 0
storyblok-sync/internal/ui/sync/utils.go:28.62,35.2 4 0
storyblok-sync/internal/ui/sync/utils.go:38.52,39.45 1 0
storyblok-sync/internal/ui/sync/utils.go:39.45,43.3 1 0
storyblok-sync/internal/ui/sync/utils.go:44.2,44.14 1 0
storyblok-sync/internal/ui/sync/utils.go:48.62,49.20 1 0
storyblok-sync/internal/ui/sync/utils.go:49.20,51.3 1 0
storyblok-sync/internal/ui/sync/utils.go:52.2,53.25 2 0
storyblok-sync/internal/ui/sync/utils.go:53.25,55.3 1 0
storyblok-sync/internal/ui/sync/utils.go:56.2,56.13 1 0
storyblok-sync/internal/ui/sync/utils.go:60.43,62.21 2 0
storyblok-sync/internal/ui/sync/utils.go:62.21,64.3 1 0
storyblok-sync/internal/ui/sync/utils.go:66.2,67.34 2 0
storyblok-sync/internal/ui/sync/utils.go:67.34,69.17 2 0
storyblok-sync/internal/ui/sync/utils.go:69.17,71.4 1 0
storyblok-sync/internal/ui/sync/utils.go:73.2,73.14 1 0
storyblok-sync/internal/ui/sync/utils.go:77.67,80.18 2 0
storyblok-sync/internal/ui/sync/utils.go:80.18,90.28 8 0
storyblok-sync/internal/ui/sync/utils.go:90.28,92.4 1 0
storyblok-sync/internal/ui/sync/utils.go:94.3,94.29 1 0
storyblok-sync/internal/ui/sync/utils.go:94.29,96.4 1 0
storyblok-sync/internal/ui/sync/utils.go:98.3,98.37 1 0
storyblok-sync/internal/ui/sync/utils.go:98.37,100.45 2 0
storyblok-sync/internal/ui/sync/utils.go:100.45,102.5 1 0
storyblok-sync/internal/ui/sync/utils.go:106.3,106.53 1 0
storyblok-sync/internal/ui/sync/utils.go:106.53,111.64 3 0
storyblok-sync/internal/ui/sync/utils.go:111.64,113.5 1 0
storyblok-sync/internal/ui/sync/utils.go:117.3,117.56 1 0
storyblok-sync/internal/ui/sync/utils.go:117.56,118.29 1 0
storyblok-sync/internal/ui/sync/utils.go:118.29,120.5 1 0
storyblok-sync/internal/ui/sync/utils.go:120.10,122.5 1 0
storyblok-sync/internal/ui/sync/utils.go:127.2,127.30 1 0
storyblok-sync/internal/ui/sync/utils.go:131.67,134.18 2 0
storyblok-sync/internal/ui/sync/utils.go:134.18,138.28 4 0
storyblok-sync/internal/ui/sync/utils.go:138.28,140.4 1 0
storyblok-sync/internal/ui/sync/utils.go:145.80,148.24 2 0
storyblok-sync/internal/ui/sync/utils.go:148.24,151.34 3 0
storyblok-sync/internal/ui/sync/utils.go:151.34,153.4 1 0
storyblok-sync/internal/ui/sync/utils.go:154.3,154.55 1 0
storyblok-sync/internal/ui/sync/utils.go:159.41,160.16 1 0
storyblok-sync/internal/ui/sync/utils.go:160.16,162.3 1 0
storyblok-sync/internal/ui/sync/utils.go:164.2,167.40 2 0
storyblok-sync/internal/ui/sync/utils.go:167.40,169.3 1 0
storyblok-sync/internal/ui/sync/utils.go:171.2,171.41 1 0
storyblok-sync/internal/ui/sync/utils.go:171.41,173.3 1 0
storyblok-sync/internal/ui/sync/utils.go:175.2,175.72 1 0
storyblok-sync/internal/ui/sync/utils.go:175.72,177.3 1 0
storyblok-sync/internal/ui/sync/utils.go:179.2,179.37 1 0
storyblok-sync/internal/ui/sync/utils.go:179.37,181.3 1 0
storyblok-sync/internal/ui/sync/utils.go:183.2,183.37 1 0
storyblok-sync/internal/ui/sync/utils.go:183.37,185.3 1 0
storyblok-sync/internal/ui/sync/utils.go:187.2,187.107 1 0
storyblok-sync/internal/ui/sync/utils.go:187.107,189.3 1 0
